#
# A fatal error has been detected by the Java Runtime Environment:
#
#  SIGSEGV (0xb) at pc=0x00007f6bc3035267, pid=17948, tid=17958
#
# JRE version: OpenJDK Runtime Environment (11.0.16+8) (build 11.0.16+8-suse-150000.3.83.1-x8664)
# Java VM: OpenJDK 64-Bit Server VM (11.0.16+8-suse-150000.3.83.1-x8664, mixed mode, tiered, compressed oops, g1 gc, linux-amd64)
# Problematic frame:
# C  [libc.so.6+0x10c267]  tcgetattr+0x49
#
# Core dump will be written. Default location: Core dumps may be processed with "/bin/false" (or dumping to /home/aiden/projects/jRogueClone/core.17948)
#
# If you would like to submit a bug report, please visit:
#   https://bugreport.java.com/bugreport/crash.jsp
# The crash happened outside the Java Virtual Machine in native code.
# See problematic frame for where to report the bug.
#

---------------  S U M M A R Y ------------

Command Line: jrogueclone.App

Host: Intel(R) Core(TM) i5-4670K CPU @ 3.40GHz, 4 cores, 15G, openSUSE Leap 15.4
Time: Sat Sep 17 11:52:16 2022 CDT elapsed time: 0.200392 seconds (0d 0h 0m 0s)

---------------  T H R E A D  ---------------

Current thread (0x00007f6bbc015800):  JavaThread "main" [_thread_in_native, id=17958, stack(0x00007f6bc360f000,0x00007f6bc3710000)]

Stack: [0x00007f6bc360f000,0x00007f6bc3710000],  sp=0x00007f6bc370d250,  free space=1016k
Native frames: (J=compiled Java code, A=aot compiled Java code, j=interpreted, Vv=VM code, C=native code)
C  [libc.so.6+0x10c267]  tcgetattr+0x49

Java frames: (J=compiled Java code, j=interpreted, Vv=VM code)
j  com.sun.jna.Native.invokeInt(Lcom/sun/jna/Function;JI[Ljava/lang/Object;)I+0
j  com.sun.jna.Function.invoke([Ljava/lang/Object;Ljava/lang/Class;ZI)Ljava/lang/Object;+211
j  com.sun.jna.Function.invoke(Ljava/lang/reflect/Method;[Ljava/lang/Class;Ljava/lang/Class;[Ljava/lang/Object;Ljava/util/Map;)Ljava/lang/Object;+271
j  com.sun.jna.Library$Handler.invoke(Ljava/lang/Object;Ljava/lang/reflect/Method;[Ljava/lang/Object;)Ljava/lang/Object;+344
j  com.sun.proxy.$Proxy0.tcgetattr(ILjrogueclone/LibC$termios;)I+23
j  jrogueclone.gfx.TerminalHandler.<init>()V+58
j  jrogueclone.Global.<clinit>()V+17
v  ~StubRoutines::call_stub
j  jrogueclone.App.main([Ljava/lang/String;)V+16
v  ~StubRoutines::call_stub

siginfo: si_signo: 11 (SIGSEGV), si_code: 1 (SEGV_MAPERR), si_addr: 0x0000000000000024

Register to memory mapping:

RAX=0x0 is NULL
RBX=0x0000000000000010 is an unknown value
RCX=0x0000000000008a3b is an unknown value
RDX=0x0000000000005500 is an unknown value
RSP=0x00007f6bc370d250 is pointing into the stack for thread: 0x00007f6bbc015800
RBP=0x00007f6bc370d290 is pointing into the stack for thread: 0x00007f6bbc015800
RSI=0x0 is NULL
RDI=0x0 is NULL
R8 =0x0 is NULL
R9 =0x00007f6bc1c8f3e0: <offset 0x00000000009433e0> in /usr/lib64/jvm/java-11-openjdk-11/lib/server/libjvm.so at 0x00007f6bc134c000
R10=0x00007f6bc370d1e0 is pointing into the stack for thread: 0x00007f6bbc015800
R11=0x0000000000000246 is an unknown value
R12=0x00007f6bc370d3d0 is pointing into the stack for thread: 0x00007f6bbc015800
R13=0x0000000000000008 is an unknown value
R14=0x0000000000000002 is an unknown value
R15=0x00007f6bc370d3b0 is pointing into the stack for thread: 0x00007f6bbc015800


Registers:
RAX=0x0000000000000000, RBX=0x0000000000000010, RCX=0x0000000000008a3b, RDX=0x0000000000005500
RSP=0x00007f6bc370d250, RBP=0x00007f6bc370d290, RSI=0x0000000000000000, RDI=0x0000000000000000
R8 =0x0000000000000000, R9 =0x00007f6bc1c8f3e0, R10=0x00007f6bc370d1e0, R11=0x0000000000000246
R12=0x00007f6bc370d3d0, R13=0x0000000000000008, R14=0x0000000000000002, R15=0x00007f6bc370d3b0
RIP=0x00007f6bc3035267, EFLAGS=0x0000000000010246, CSGSFS=0x002b000000000033, ERR=0x0000000000000006
  TRAPNO=0x000000000000000e

Top of Stack: (sp=0x00007f6bc370d250)
0x00007f6bc370d250:   0000000500005500 00008a3b000000bf
0x00007f6bc370d260:   010004157f1c0300 170f12001a131100
0x00007f6bc370d270:   00007f6b00000016 f0d29938a136e200
0x00007f6bc370d280:   00007f6bc370d3a0 00007f6b8579a564 

Instructions: (pc=0x00007f6bc3035267)
0x00007f6bc3035167:   33 0c 25 28 00 00 00 0f 85 96 00 00 00 48 83 c4
0x00007f6bc3035177:   38 c3 0f 1f 80 00 00 00 00 be 02 54 00 00 8b 10
0x00007f6bc3035187:   4c 8d 40 11 f3 0f 6f 40 11 81 e2 ff ff ff 7f 89
0x00007f6bc3035197:   14 24 8b 50 04 0f 11 44 24 11 89 54 24 04 8b 50
0x00007f6bc30351a7:   08 89 54 24 08 8b 50 0c 89 54 24 0c 0f b6 50 10
0x00007f6bc30351b7:   0f b7 40 21 88 54 24 10 48 89 e2 66 89 42 21 41
0x00007f6bc30351c7:   0f b6 40 12 88 42 23 b8 10 00 00 00 0f 05 48 3d
0x00007f6bc30351d7:   00 f0 ff ff 76 83 48 8b 15 8c cc 2d 00 f7 d8 64
0x00007f6bc30351e7:   89 02 b8 ff ff ff ff e9 6d ff ff ff 0f 1f 44 00
0x00007f6bc30351f7:   00 be 04 54 00 00 eb 86 90 be 03 54 00 00 e9 7b
0x00007f6bc3035207:   ff ff ff e8 ff c6 01 00 90 90 90 90 90 90 90 90
0x00007f6bc3035217:   90 90 90 90 90 90 90 90 90 48 83 ec 38 b9 10 00
0x00007f6bc3035227:   00 00 49 89 f0 64 48 8b 04 25 28 00 00 00 48 89
0x00007f6bc3035237:   44 24 28 31 c0 48 89 e2 be 01 54 00 00 89 c8 0f
0x00007f6bc3035247:   05 48 3d 00 f0 ff ff 48 89 c2 0f 87 89 00 00 00
0x00007f6bc3035257:   85 c0 75 6a 8b 14 24 8b 4c 24 0c 0f b7 74 24 21
0x00007f6bc3035267:   49 c7 40 24 00 00 00 00 f3 0f 6f 44 24 11 41 89
0x00007f6bc3035277:   10 8b 54 24 04 41 89 48 0c 0f b6 4c 24 10 41 0f
0x00007f6bc3035287:   11 40 11 41 89 50 04 8b 54 24 08 41 88 48 10 0f
0x00007f6bc3035297:   b6 4c 24 23 41 89 50 08 81 e2 0f 10 00 00 66 41
0x00007f6bc30352a7:   89 70 21 41 89 50 34 41 89 50 38 49 8d 50 24 41
0x00007f6bc30352b7:   88 48 23 c7 42 08 00 00 00 00 c6 42 0c 00 48 8b
0x00007f6bc30352c7:   74 24 28 64 48 33 34 25 28 00 00 00 75 1e 48 83
0x00007f6bc30352d7:   c4 38 c3 66 0f 1f 44 00 00 48 8b 05 89 cb 2d 00
0x00007f6bc30352e7:   f7 da 64 89 10 b8 ff ff ff ff eb d2 e8 16 c6 01
0x00007f6bc30352f7:   00 0f 1f 84 00 00 00 00 00 90 90 90 90 90 90 90
0x00007f6bc3035307:   90 90 90 90 90 90 90 90 90 48 83 ec 18 be 0f 54
0x00007f6bc3035317:   00 00 64 48 8b 04 25 28 00 00 00 48 89 44 24 08
0x00007f6bc3035327:   31 c0 48 8d 54 24 04 e8 0d 09 00 00 85 c0 78 19
0x00007f6bc3035337:   8b 44 24 04 48 8b 4c 24 08 64 48 33 0c 25 28 00
0x00007f6bc3035347:   00 00 75 0c 48 83 c4 18 c3 b8 ff ff ff ff eb e4
0x00007f6bc3035357:   e8 b2 c5 01 00 0f 1f 40 00 90 90 90 90 90 90 90 


Stack slot to memory mapping:
stack at sp + 0 slots: 0x0000000500005500 is an unknown value
stack at sp + 1 slots: 0x00008a3b000000bf is an unknown value
stack at sp + 2 slots: 0x010004157f1c0300 is an unknown value
stack at sp + 3 slots: 0x170f12001a131100 is an unknown value
stack at sp + 4 slots: 0x00007f6b00000016 is an unknown value
stack at sp + 5 slots: 0xf0d29938a136e200 is an unknown value
stack at sp + 6 slots: 0x00007f6bc370d3a0 is pointing into the stack for thread: 0x00007f6bbc015800
stack at sp + 7 slots: 0x00007f6b8579a564: ffi_call_unix64+0x000000000000004c in /tmp/jna-92808933/jna7487454974358853929.tmp at 0x00007f6b85787000


---------------  P R O C E S S  ---------------

Threads class SMR info:
_java_thread_list=0x00007f6bbc381cc0, length=10, elements={
0x00007f6bbc015800, 0x00007f6bbc1e9000, 0x00007f6bbc1ed000, 0x00007f6bbc206000,
0x00007f6bbc208000, 0x00007f6bbc20a000, 0x00007f6bbc20c800, 0x00007f6bbc20e800,
0x00007f6bbc2ab000, 0x00007f6bbc380800
}

Java Threads: ( => current thread )
=>0x00007f6bbc015800 JavaThread "main" [_thread_in_native, id=17958, stack(0x00007f6bc360f000,0x00007f6bc3710000)]
  0x00007f6bbc1e9000 JavaThread "Reference Handler" daemon [_thread_blocked, id=17966, stack(0x00007f6b875fd000,0x00007f6b876fe000)]
  0x00007f6bbc1ed000 JavaThread "Finalizer" daemon [_thread_blocked, id=17967, stack(0x00007f6b874fc000,0x00007f6b875fd000)]
  0x00007f6bbc206000 JavaThread "Signal Dispatcher" daemon [_thread_blocked, id=17968, stack(0x00007f6b87183000,0x00007f6b87284000)]
  0x00007f6bbc208000 JavaThread "Service Thread" daemon [_thread_blocked, id=17969, stack(0x00007f6b87082000,0x00007f6b87183000)]
  0x00007f6bbc20a000 JavaThread "C2 CompilerThread0" daemon [_thread_blocked, id=17970, stack(0x00007f6b86f81000,0x00007f6b87082000)]
  0x00007f6bbc20c800 JavaThread "C1 CompilerThread0" daemon [_thread_blocked, id=17971, stack(0x00007f6b86e80000,0x00007f6b86f81000)]
  0x00007f6bbc20e800 JavaThread "Sweeper thread" daemon [_thread_blocked, id=17972, stack(0x00007f6b86d7f000,0x00007f6b86e80000)]
  0x00007f6bbc2ab000 JavaThread "Common-Cleaner" daemon [_thread_blocked, id=17974, stack(0x00007f6b86b7c000,0x00007f6b86c7d000)]
  0x00007f6bbc380800 JavaThread "process reaper" daemon [_thread_blocked, id=17976, stack(0x00007f6b94035000,0x00007f6b94057000)]

Other Threads:
  0x00007f6bbc1e0800 VMThread "VM Thread" [stack: 0x00007f6b87700000,0x00007f6b87800000] [id=17965]
  0x00007f6bbc29f800 WatcherThread [stack: 0x00007f6b86c7f000,0x00007f6b86d7f000] [id=17973]
  0x00007f6bbc02d800 GCTaskThread "GC Thread#0" [stack: 0x00007f6ba416e000,0x00007f6ba426e000] [id=17960]
  0x00007f6bbc08b000 ConcurrentGCThread "G1 Main Marker" [stack: 0x00007f6b96838000,0x00007f6b96938000] [id=17961]
  0x00007f6bbc08d000 ConcurrentGCThread "G1 Conc#0" [stack: 0x00007f6b96736000,0x00007f6b96836000] [id=17962]
  0x00007f6bbc17c800 ConcurrentGCThread "G1 Refine#0" [stack: 0x00007f6b94230000,0x00007f6b94330000] [id=17963]
  0x00007f6bbc17e000 ConcurrentGCThread "G1 Young RemSet Sampling" [stack: 0x00007f6b9412e000,0x00007f6b9422e000] [id=17964]

Threads with active compile tasks:

VM state:not at safepoint (normal execution)

VM Mutex/Monitor currently owned by a thread: None

Heap address: 0x0000000707200000, size: 3982 MB, Compressed Oops mode: Zero based, Oop shift amount: 3
Narrow klass base: 0x0000000800000000, Narrow klass shift: 0
Compressed class space size: 1073741824 Address: 0x0000000800000000

Heap:
 garbage-first heap   total 256000K, used 4096K [0x0000000707200000, 0x0000000800000000)
  region size 1024K, 5 young (5120K), 0 survivors (0K)
 Metaspace       used 7425K, capacity 7538K, committed 7680K, reserved 1056768K
  class space    used 660K, capacity 704K, committed 768K, reserved 1048576K
Heap Regions: E=young(eden), S=young(survivor), O=old, HS=humongous(starts), HC=humongous(continues), CS=collection set, F=free, A=archive, TAMS=top-at-mark-start (previous, next)
|   0|0x0000000707200000, 0x0000000707200000, 0x0000000707300000|  0%| F|  |TAMS 0x0000000707200000, 0x0000000707200000| Untracked 
|   1|0x0000000707300000, 0x0000000707300000, 0x0000000707400000|  0%| F|  |TAMS 0x0000000707300000, 0x0000000707300000| Untracked 
|   2|0x0000000707400000, 0x0000000707400000, 0x0000000707500000|  0%| F|  |TAMS 0x0000000707400000, 0x0000000707400000| Untracked 
|   3|0x0000000707500000, 0x0000000707500000, 0x0000000707600000|  0%| F|  |TAMS 0x0000000707500000, 0x0000000707500000| Untracked 
|   4|0x0000000707600000, 0x0000000707600000, 0x0000000707700000|  0%| F|  |TAMS 0x0000000707600000, 0x0000000707600000| Untracked 
|   5|0x0000000707700000, 0x0000000707700000, 0x0000000707800000|  0%| F|  |TAMS 0x0000000707700000, 0x0000000707700000| Untracked 
|   6|0x0000000707800000, 0x0000000707800000, 0x0000000707900000|  0%| F|  |TAMS 0x0000000707800000, 0x0000000707800000| Untracked 
|   7|0x0000000707900000, 0x0000000707900000, 0x0000000707a00000|  0%| F|  |TAMS 0x0000000707900000, 0x0000000707900000| Untracked 
|   8|0x0000000707a00000, 0x0000000707a00000, 0x0000000707b00000|  0%| F|  |TAMS 0x0000000707a00000, 0x0000000707a00000| Untracked 
|   9|0x0000000707b00000, 0x0000000707b00000, 0x0000000707c00000|  0%| F|  |TAMS 0x0000000707b00000, 0x0000000707b00000| Untracked 
|  10|0x0000000707c00000, 0x0000000707c00000, 0x0000000707d00000|  0%| F|  |TAMS 0x0000000707c00000, 0x0000000707c00000| Untracked 
|  11|0x0000000707d00000, 0x0000000707d00000, 0x0000000707e00000|  0%| F|  |TAMS 0x0000000707d00000, 0x0000000707d00000| Untracked 
|  12|0x0000000707e00000, 0x0000000707e00000, 0x0000000707f00000|  0%| F|  |TAMS 0x0000000707e00000, 0x0000000707e00000| Untracked 
|  13|0x0000000707f00000, 0x0000000707f00000, 0x0000000708000000|  0%| F|  |TAMS 0x0000000707f00000, 0x0000000707f00000| Untracked 
|  14|0x0000000708000000, 0x0000000708000000, 0x0000000708100000|  0%| F|  |TAMS 0x0000000708000000, 0x0000000708000000| Untracked 
|  15|0x0000000708100000, 0x0000000708100000, 0x0000000708200000|  0%| F|  |TAMS 0x0000000708100000, 0x0000000708100000| Untracked 
|  16|0x0000000708200000, 0x0000000708200000, 0x0000000708300000|  0%| F|  |TAMS 0x0000000708200000, 0x0000000708200000| Untracked 
|  17|0x0000000708300000, 0x0000000708300000, 0x0000000708400000|  0%| F|  |TAMS 0x0000000708300000, 0x0000000708300000| Untracked 
|  18|0x0000000708400000, 0x0000000708400000, 0x0000000708500000|  0%| F|  |TAMS 0x0000000708400000, 0x0000000708400000| Untracked 
|  19|0x0000000708500000, 0x0000000708500000, 0x0000000708600000|  0%| F|  |TAMS 0x0000000708500000, 0x0000000708500000| Untracked 
|  20|0x0000000708600000, 0x0000000708600000, 0x0000000708700000|  0%| F|  |TAMS 0x0000000708600000, 0x0000000708600000| Untracked 
|  21|0x0000000708700000, 0x0000000708700000, 0x0000000708800000|  0%| F|  |TAMS 0x0000000708700000, 0x0000000708700000| Untracked 
|  22|0x0000000708800000, 0x0000000708800000, 0x0000000708900000|  0%| F|  |TAMS 0x0000000708800000, 0x0000000708800000| Untracked 
|  23|0x0000000708900000, 0x0000000708900000, 0x0000000708a00000|  0%| F|  |TAMS 0x0000000708900000, 0x0000000708900000| Untracked 
|  24|0x0000000708a00000, 0x0000000708a00000, 0x0000000708b00000|  0%| F|  |TAMS 0x0000000708a00000, 0x0000000708a00000| Untracked 
|  25|0x0000000708b00000, 0x0000000708b00000, 0x0000000708c00000|  0%| F|  |TAMS 0x0000000708b00000, 0x0000000708b00000| Untracked 
|  26|0x0000000708c00000, 0x0000000708c00000, 0x0000000708d00000|  0%| F|  |TAMS 0x0000000708c00000, 0x0000000708c00000| Untracked 
|  27|0x0000000708d00000, 0x0000000708d00000, 0x0000000708e00000|  0%| F|  |TAMS 0x0000000708d00000, 0x0000000708d00000| Untracked 
|  28|0x0000000708e00000, 0x0000000708e00000, 0x0000000708f00000|  0%| F|  |TAMS 0x0000000708e00000, 0x0000000708e00000| Untracked 
|  29|0x0000000708f00000, 0x0000000708f00000, 0x0000000709000000|  0%| F|  |TAMS 0x0000000708f00000, 0x0000000708f00000| Untracked 
|  30|0x0000000709000000, 0x0000000709000000, 0x0000000709100000|  0%| F|  |TAMS 0x0000000709000000, 0x0000000709000000| Untracked 
|  31|0x0000000709100000, 0x0000000709100000, 0x0000000709200000|  0%| F|  |TAMS 0x0000000709100000, 0x0000000709100000| Untracked 
|  32|0x0000000709200000, 0x0000000709200000, 0x0000000709300000|  0%| F|  |TAMS 0x0000000709200000, 0x0000000709200000| Untracked 
|  33|0x0000000709300000, 0x0000000709300000, 0x0000000709400000|  0%| F|  |TAMS 0x0000000709300000, 0x0000000709300000| Untracked 
|  34|0x0000000709400000, 0x0000000709400000, 0x0000000709500000|  0%| F|  |TAMS 0x0000000709400000, 0x0000000709400000| Untracked 
|  35|0x0000000709500000, 0x0000000709500000, 0x0000000709600000|  0%| F|  |TAMS 0x0000000709500000, 0x0000000709500000| Untracked 
|  36|0x0000000709600000, 0x0000000709600000, 0x0000000709700000|  0%| F|  |TAMS 0x0000000709600000, 0x0000000709600000| Untracked 
|  37|0x0000000709700000, 0x0000000709700000, 0x0000000709800000|  0%| F|  |TAMS 0x0000000709700000, 0x0000000709700000| Untracked 
|  38|0x0000000709800000, 0x0000000709800000, 0x0000000709900000|  0%| F|  |TAMS 0x0000000709800000, 0x0000000709800000| Untracked 
|  39|0x0000000709900000, 0x0000000709900000, 0x0000000709a00000|  0%| F|  |TAMS 0x0000000709900000, 0x0000000709900000| Untracked 
|  40|0x0000000709a00000, 0x0000000709a00000, 0x0000000709b00000|  0%| F|  |TAMS 0x0000000709a00000, 0x0000000709a00000| Untracked 
|  41|0x0000000709b00000, 0x0000000709b00000, 0x0000000709c00000|  0%| F|  |TAMS 0x0000000709b00000, 0x0000000709b00000| Untracked 
|  42|0x0000000709c00000, 0x0000000709c00000, 0x0000000709d00000|  0%| F|  |TAMS 0x0000000709c00000, 0x0000000709c00000| Untracked 
|  43|0x0000000709d00000, 0x0000000709d00000, 0x0000000709e00000|  0%| F|  |TAMS 0x0000000709d00000, 0x0000000709d00000| Untracked 
|  44|0x0000000709e00000, 0x0000000709e00000, 0x0000000709f00000|  0%| F|  |TAMS 0x0000000709e00000, 0x0000000709e00000| Untracked 
|  45|0x0000000709f00000, 0x0000000709f00000, 0x000000070a000000|  0%| F|  |TAMS 0x0000000709f00000, 0x0000000709f00000| Untracked 
|  46|0x000000070a000000, 0x000000070a000000, 0x000000070a100000|  0%| F|  |TAMS 0x000000070a000000, 0x000000070a000000| Untracked 
|  47|0x000000070a100000, 0x000000070a100000, 0x000000070a200000|  0%| F|  |TAMS 0x000000070a100000, 0x000000070a100000| Untracked 
|  48|0x000000070a200000, 0x000000070a200000, 0x000000070a300000|  0%| F|  |TAMS 0x000000070a200000, 0x000000070a200000| Untracked 
|  49|0x000000070a300000, 0x000000070a300000, 0x000000070a400000|  0%| F|  |TAMS 0x000000070a300000, 0x000000070a300000| Untracked 
|  50|0x000000070a400000, 0x000000070a400000, 0x000000070a500000|  0%| F|  |TAMS 0x000000070a400000, 0x000000070a400000| Untracked 
|  51|0x000000070a500000, 0x000000070a500000, 0x000000070a600000|  0%| F|  |TAMS 0x000000070a500000, 0x000000070a500000| Untracked 
|  52|0x000000070a600000, 0x000000070a600000, 0x000000070a700000|  0%| F|  |TAMS 0x000000070a600000, 0x000000070a600000| Untracked 
|  53|0x000000070a700000, 0x000000070a700000, 0x000000070a800000|  0%| F|  |TAMS 0x000000070a700000, 0x000000070a700000| Untracked 
|  54|0x000000070a800000, 0x000000070a800000, 0x000000070a900000|  0%| F|  |TAMS 0x000000070a800000, 0x000000070a800000| Untracked 
|  55|0x000000070a900000, 0x000000070a900000, 0x000000070aa00000|  0%| F|  |TAMS 0x000000070a900000, 0x000000070a900000| Untracked 
|  56|0x000000070aa00000, 0x000000070aa00000, 0x000000070ab00000|  0%| F|  |TAMS 0x000000070aa00000, 0x000000070aa00000| Untracked 
|  57|0x000000070ab00000, 0x000000070ab00000, 0x000000070ac00000|  0%| F|  |TAMS 0x000000070ab00000, 0x000000070ab00000| Untracked 
|  58|0x000000070ac00000, 0x000000070ac00000, 0x000000070ad00000|  0%| F|  |TAMS 0x000000070ac00000, 0x000000070ac00000| Untracked 
|  59|0x000000070ad00000, 0x000000070ad00000, 0x000000070ae00000|  0%| F|  |TAMS 0x000000070ad00000, 0x000000070ad00000| Untracked 
|  60|0x000000070ae00000, 0x000000070ae00000, 0x000000070af00000|  0%| F|  |TAMS 0x000000070ae00000, 0x000000070ae00000| Untracked 
|  61|0x000000070af00000, 0x000000070af00000, 0x000000070b000000|  0%| F|  |TAMS 0x000000070af00000, 0x000000070af00000| Untracked 
|  62|0x000000070b000000, 0x000000070b000000, 0x000000070b100000|  0%| F|  |TAMS 0x000000070b000000, 0x000000070b000000| Untracked 
|  63|0x000000070b100000, 0x000000070b100000, 0x000000070b200000|  0%| F|  |TAMS 0x000000070b100000, 0x000000070b100000| Untracked 
|  64|0x000000070b200000, 0x000000070b200000, 0x000000070b300000|  0%| F|  |TAMS 0x000000070b200000, 0x000000070b200000| Untracked 
|  65|0x000000070b300000, 0x000000070b300000, 0x000000070b400000|  0%| F|  |TAMS 0x000000070b300000, 0x000000070b300000| Untracked 
|  66|0x000000070b400000, 0x000000070b400000, 0x000000070b500000|  0%| F|  |TAMS 0x000000070b400000, 0x000000070b400000| Untracked 
|  67|0x000000070b500000, 0x000000070b500000, 0x000000070b600000|  0%| F|  |TAMS 0x000000070b500000, 0x000000070b500000| Untracked 
|  68|0x000000070b600000, 0x000000070b600000, 0x000000070b700000|  0%| F|  |TAMS 0x000000070b600000, 0x000000070b600000| Untracked 
|  69|0x000000070b700000, 0x000000070b700000, 0x000000070b800000|  0%| F|  |TAMS 0x000000070b700000, 0x000000070b700000| Untracked 
|  70|0x000000070b800000, 0x000000070b800000, 0x000000070b900000|  0%| F|  |TAMS 0x000000070b800000, 0x000000070b800000| Untracked 
|  71|0x000000070b900000, 0x000000070b900000, 0x000000070ba00000|  0%| F|  |TAMS 0x000000070b900000, 0x000000070b900000| Untracked 
|  72|0x000000070ba00000, 0x000000070ba00000, 0x000000070bb00000|  0%| F|  |TAMS 0x000000070ba00000, 0x000000070ba00000| Untracked 
|  73|0x000000070bb00000, 0x000000070bb00000, 0x000000070bc00000|  0%| F|  |TAMS 0x000000070bb00000, 0x000000070bb00000| Untracked 
|  74|0x000000070bc00000, 0x000000070bc00000, 0x000000070bd00000|  0%| F|  |TAMS 0x000000070bc00000, 0x000000070bc00000| Untracked 
|  75|0x000000070bd00000, 0x000000070bd00000, 0x000000070be00000|  0%| F|  |TAMS 0x000000070bd00000, 0x000000070bd00000| Untracked 
|  76|0x000000070be00000, 0x000000070be00000, 0x000000070bf00000|  0%| F|  |TAMS 0x000000070be00000, 0x000000070be00000| Untracked 
|  77|0x000000070bf00000, 0x000000070bf00000, 0x000000070c000000|  0%| F|  |TAMS 0x000000070bf00000, 0x000000070bf00000| Untracked 
|  78|0x000000070c000000, 0x000000070c000000, 0x000000070c100000|  0%| F|  |TAMS 0x000000070c000000, 0x000000070c000000| Untracked 
|  79|0x000000070c100000, 0x000000070c100000, 0x000000070c200000|  0%| F|  |TAMS 0x000000070c100000, 0x000000070c100000| Untracked 
|  80|0x000000070c200000, 0x000000070c200000, 0x000000070c300000|  0%| F|  |TAMS 0x000000070c200000, 0x000000070c200000| Untracked 
|  81|0x000000070c300000, 0x000000070c300000, 0x000000070c400000|  0%| F|  |TAMS 0x000000070c300000, 0x000000070c300000| Untracked 
|  82|0x000000070c400000, 0x000000070c400000, 0x000000070c500000|  0%| F|  |TAMS 0x000000070c400000, 0x000000070c400000| Untracked 
|  83|0x000000070c500000, 0x000000070c500000, 0x000000070c600000|  0%| F|  |TAMS 0x000000070c500000, 0x000000070c500000| Untracked 
|  84|0x000000070c600000, 0x000000070c600000, 0x000000070c700000|  0%| F|  |TAMS 0x000000070c600000, 0x000000070c600000| Untracked 
|  85|0x000000070c700000, 0x000000070c700000, 0x000000070c800000|  0%| F|  |TAMS 0x000000070c700000, 0x000000070c700000| Untracked 
|  86|0x000000070c800000, 0x000000070c800000, 0x000000070c900000|  0%| F|  |TAMS 0x000000070c800000, 0x000000070c800000| Untracked 
|  87|0x000000070c900000, 0x000000070c900000, 0x000000070ca00000|  0%| F|  |TAMS 0x000000070c900000, 0x000000070c900000| Untracked 
|  88|0x000000070ca00000, 0x000000070ca00000, 0x000000070cb00000|  0%| F|  |TAMS 0x000000070ca00000, 0x000000070ca00000| Untracked 
|  89|0x000000070cb00000, 0x000000070cb00000, 0x000000070cc00000|  0%| F|  |TAMS 0x000000070cb00000, 0x000000070cb00000| Untracked 
|  90|0x000000070cc00000, 0x000000070cc00000, 0x000000070cd00000|  0%| F|  |TAMS 0x000000070cc00000, 0x000000070cc00000| Untracked 
|  91|0x000000070cd00000, 0x000000070cd00000, 0x000000070ce00000|  0%| F|  |TAMS 0x000000070cd00000, 0x000000070cd00000| Untracked 
|  92|0x000000070ce00000, 0x000000070ce00000, 0x000000070cf00000|  0%| F|  |TAMS 0x000000070ce00000, 0x000000070ce00000| Untracked 
|  93|0x000000070cf00000, 0x000000070cf00000, 0x000000070d000000|  0%| F|  |TAMS 0x000000070cf00000, 0x000000070cf00000| Untracked 
|  94|0x000000070d000000, 0x000000070d000000, 0x000000070d100000|  0%| F|  |TAMS 0x000000070d000000, 0x000000070d000000| Untracked 
|  95|0x000000070d100000, 0x000000070d100000, 0x000000070d200000|  0%| F|  |TAMS 0x000000070d100000, 0x000000070d100000| Untracked 
|  96|0x000000070d200000, 0x000000070d200000, 0x000000070d300000|  0%| F|  |TAMS 0x000000070d200000, 0x000000070d200000| Untracked 
|  97|0x000000070d300000, 0x000000070d300000, 0x000000070d400000|  0%| F|  |TAMS 0x000000070d300000, 0x000000070d300000| Untracked 
|  98|0x000000070d400000, 0x000000070d400000, 0x000000070d500000|  0%| F|  |TAMS 0x000000070d400000, 0x000000070d400000| Untracked 
|  99|0x000000070d500000, 0x000000070d500000, 0x000000070d600000|  0%| F|  |TAMS 0x000000070d500000, 0x000000070d500000| Untracked 
| 100|0x000000070d600000, 0x000000070d600000, 0x000000070d700000|  0%| F|  |TAMS 0x000000070d600000, 0x000000070d600000| Untracked 
| 101|0x000000070d700000, 0x000000070d700000, 0x000000070d800000|  0%| F|  |TAMS 0x000000070d700000, 0x000000070d700000| Untracked 
| 102|0x000000070d800000, 0x000000070d800000, 0x000000070d900000|  0%| F|  |TAMS 0x000000070d800000, 0x000000070d800000| Untracked 
| 103|0x000000070d900000, 0x000000070d900000, 0x000000070da00000|  0%| F|  |TAMS 0x000000070d900000, 0x000000070d900000| Untracked 
| 104|0x000000070da00000, 0x000000070da00000, 0x000000070db00000|  0%| F|  |TAMS 0x000000070da00000, 0x000000070da00000| Untracked 
| 105|0x000000070db00000, 0x000000070db00000, 0x000000070dc00000|  0%| F|  |TAMS 0x000000070db00000, 0x000000070db00000| Untracked 
| 106|0x000000070dc00000, 0x000000070dc00000, 0x000000070dd00000|  0%| F|  |TAMS 0x000000070dc00000, 0x000000070dc00000| Untracked 
| 107|0x000000070dd00000, 0x000000070dd00000, 0x000000070de00000|  0%| F|  |TAMS 0x000000070dd00000, 0x000000070dd00000| Untracked 
| 108|0x000000070de00000, 0x000000070de00000, 0x000000070df00000|  0%| F|  |TAMS 0x000000070de00000, 0x000000070de00000| Untracked 
| 109|0x000000070df00000, 0x000000070df00000, 0x000000070e000000|  0%| F|  |TAMS 0x000000070df00000, 0x000000070df00000| Untracked 
| 110|0x000000070e000000, 0x000000070e000000, 0x000000070e100000|  0%| F|  |TAMS 0x000000070e000000, 0x000000070e000000| Untracked 
| 111|0x000000070e100000, 0x000000070e100000, 0x000000070e200000|  0%| F|  |TAMS 0x000000070e100000, 0x000000070e100000| Untracked 
| 112|0x000000070e200000, 0x000000070e200000, 0x000000070e300000|  0%| F|  |TAMS 0x000000070e200000, 0x000000070e200000| Untracked 
| 113|0x000000070e300000, 0x000000070e300000, 0x000000070e400000|  0%| F|  |TAMS 0x000000070e300000, 0x000000070e300000| Untracked 
| 114|0x000000070e400000, 0x000000070e400000, 0x000000070e500000|  0%| F|  |TAMS 0x000000070e400000, 0x000000070e400000| Untracked 
| 115|0x000000070e500000, 0x000000070e500000, 0x000000070e600000|  0%| F|  |TAMS 0x000000070e500000, 0x000000070e500000| Untracked 
| 116|0x000000070e600000, 0x000000070e600000, 0x000000070e700000|  0%| F|  |TAMS 0x000000070e600000, 0x000000070e600000| Untracked 
| 117|0x000000070e700000, 0x000000070e700000, 0x000000070e800000|  0%| F|  |TAMS 0x000000070e700000, 0x000000070e700000| Untracked 
| 118|0x000000070e800000, 0x000000070e800000, 0x000000070e900000|  0%| F|  |TAMS 0x000000070e800000, 0x000000070e800000| Untracked 
| 119|0x000000070e900000, 0x000000070e900000, 0x000000070ea00000|  0%| F|  |TAMS 0x000000070e900000, 0x000000070e900000| Untracked 
| 120|0x000000070ea00000, 0x000000070ea00000, 0x000000070eb00000|  0%| F|  |TAMS 0x000000070ea00000, 0x000000070ea00000| Untracked 
| 121|0x000000070eb00000, 0x000000070eb00000, 0x000000070ec00000|  0%| F|  |TAMS 0x000000070eb00000, 0x000000070eb00000| Untracked 
| 122|0x000000070ec00000, 0x000000070ec00000, 0x000000070ed00000|  0%| F|  |TAMS 0x000000070ec00000, 0x000000070ec00000| Untracked 
| 123|0x000000070ed00000, 0x000000070ed00000, 0x000000070ee00000|  0%| F|  |TAMS 0x000000070ed00000, 0x000000070ed00000| Untracked 
| 124|0x000000070ee00000, 0x000000070ee00000, 0x000000070ef00000|  0%| F|  |TAMS 0x000000070ee00000, 0x000000070ee00000| Untracked 
| 125|0x000000070ef00000, 0x000000070ef00000, 0x000000070f000000|  0%| F|  |TAMS 0x000000070ef00000, 0x000000070ef00000| Untracked 
| 126|0x000000070f000000, 0x000000070f000000, 0x000000070f100000|  0%| F|  |TAMS 0x000000070f000000, 0x000000070f000000| Untracked 
| 127|0x000000070f100000, 0x000000070f100000, 0x000000070f200000|  0%| F|  |TAMS 0x000000070f100000, 0x000000070f100000| Untracked 
| 128|0x000000070f200000, 0x000000070f200000, 0x000000070f300000|  0%| F|  |TAMS 0x000000070f200000, 0x000000070f200000| Untracked 
| 129|0x000000070f300000, 0x000000070f300000, 0x000000070f400000|  0%| F|  |TAMS 0x000000070f300000, 0x000000070f300000| Untracked 
| 130|0x000000070f400000, 0x000000070f400000, 0x000000070f500000|  0%| F|  |TAMS 0x000000070f400000, 0x000000070f400000| Untracked 
| 131|0x000000070f500000, 0x000000070f500000, 0x000000070f600000|  0%| F|  |TAMS 0x000000070f500000, 0x000000070f500000| Untracked 
| 132|0x000000070f600000, 0x000000070f600000, 0x000000070f700000|  0%| F|  |TAMS 0x000000070f600000, 0x000000070f600000| Untracked 
| 133|0x000000070f700000, 0x000000070f700000, 0x000000070f800000|  0%| F|  |TAMS 0x000000070f700000, 0x000000070f700000| Untracked 
| 134|0x000000070f800000, 0x000000070f800000, 0x000000070f900000|  0%| F|  |TAMS 0x000000070f800000, 0x000000070f800000| Untracked 
| 135|0x000000070f900000, 0x000000070f900000, 0x000000070fa00000|  0%| F|  |TAMS 0x000000070f900000, 0x000000070f900000| Untracked 
| 136|0x000000070fa00000, 0x000000070fa00000, 0x000000070fb00000|  0%| F|  |TAMS 0x000000070fa00000, 0x000000070fa00000| Untracked 
| 137|0x000000070fb00000, 0x000000070fb00000, 0x000000070fc00000|  0%| F|  |TAMS 0x000000070fb00000, 0x000000070fb00000| Untracked 
| 138|0x000000070fc00000, 0x000000070fc00000, 0x000000070fd00000|  0%| F|  |TAMS 0x000000070fc00000, 0x000000070fc00000| Untracked 
| 139|0x000000070fd00000, 0x000000070fd00000, 0x000000070fe00000|  0%| F|  |TAMS 0x000000070fd00000, 0x000000070fd00000| Untracked 
| 140|0x000000070fe00000, 0x000000070fe00000, 0x000000070ff00000|  0%| F|  |TAMS 0x000000070fe00000, 0x000000070fe00000| Untracked 
| 141|0x000000070ff00000, 0x000000070ff00000, 0x0000000710000000|  0%| F|  |TAMS 0x000000070ff00000, 0x000000070ff00000| Untracked 
| 142|0x0000000710000000, 0x0000000710000000, 0x0000000710100000|  0%| F|  |TAMS 0x0000000710000000, 0x0000000710000000| Untracked 
| 143|0x0000000710100000, 0x0000000710100000, 0x0000000710200000|  0%| F|  |TAMS 0x0000000710100000, 0x0000000710100000| Untracked 
| 144|0x0000000710200000, 0x0000000710200000, 0x0000000710300000|  0%| F|  |TAMS 0x0000000710200000, 0x0000000710200000| Untracked 
| 145|0x0000000710300000, 0x0000000710300000, 0x0000000710400000|  0%| F|  |TAMS 0x0000000710300000, 0x0000000710300000| Untracked 
| 146|0x0000000710400000, 0x0000000710400000, 0x0000000710500000|  0%| F|  |TAMS 0x0000000710400000, 0x0000000710400000| Untracked 
| 147|0x0000000710500000, 0x0000000710500000, 0x0000000710600000|  0%| F|  |TAMS 0x0000000710500000, 0x0000000710500000| Untracked 
| 148|0x0000000710600000, 0x0000000710600000, 0x0000000710700000|  0%| F|  |TAMS 0x0000000710600000, 0x0000000710600000| Untracked 
| 149|0x0000000710700000, 0x0000000710700000, 0x0000000710800000|  0%| F|  |TAMS 0x0000000710700000, 0x0000000710700000| Untracked 
| 150|0x0000000710800000, 0x0000000710800000, 0x0000000710900000|  0%| F|  |TAMS 0x0000000710800000, 0x0000000710800000| Untracked 
| 151|0x0000000710900000, 0x0000000710900000, 0x0000000710a00000|  0%| F|  |TAMS 0x0000000710900000, 0x0000000710900000| Untracked 
| 152|0x0000000710a00000, 0x0000000710a00000, 0x0000000710b00000|  0%| F|  |TAMS 0x0000000710a00000, 0x0000000710a00000| Untracked 
| 153|0x0000000710b00000, 0x0000000710b00000, 0x0000000710c00000|  0%| F|  |TAMS 0x0000000710b00000, 0x0000000710b00000| Untracked 
| 154|0x0000000710c00000, 0x0000000710c00000, 0x0000000710d00000|  0%| F|  |TAMS 0x0000000710c00000, 0x0000000710c00000| Untracked 
| 155|0x0000000710d00000, 0x0000000710d00000, 0x0000000710e00000|  0%| F|  |TAMS 0x0000000710d00000, 0x0000000710d00000| Untracked 
| 156|0x0000000710e00000, 0x0000000710e00000, 0x0000000710f00000|  0%| F|  |TAMS 0x0000000710e00000, 0x0000000710e00000| Untracked 
| 157|0x0000000710f00000, 0x0000000710f00000, 0x0000000711000000|  0%| F|  |TAMS 0x0000000710f00000, 0x0000000710f00000| Untracked 
| 158|0x0000000711000000, 0x0000000711000000, 0x0000000711100000|  0%| F|  |TAMS 0x0000000711000000, 0x0000000711000000| Untracked 
| 159|0x0000000711100000, 0x0000000711100000, 0x0000000711200000|  0%| F|  |TAMS 0x0000000711100000, 0x0000000711100000| Untracked 
| 160|0x0000000711200000, 0x0000000711200000, 0x0000000711300000|  0%| F|  |TAMS 0x0000000711200000, 0x0000000711200000| Untracked 
| 161|0x0000000711300000, 0x0000000711300000, 0x0000000711400000|  0%| F|  |TAMS 0x0000000711300000, 0x0000000711300000| Untracked 
| 162|0x0000000711400000, 0x0000000711400000, 0x0000000711500000|  0%| F|  |TAMS 0x0000000711400000, 0x0000000711400000| Untracked 
| 163|0x0000000711500000, 0x0000000711500000, 0x0000000711600000|  0%| F|  |TAMS 0x0000000711500000, 0x0000000711500000| Untracked 
| 164|0x0000000711600000, 0x0000000711600000, 0x0000000711700000|  0%| F|  |TAMS 0x0000000711600000, 0x0000000711600000| Untracked 
| 165|0x0000000711700000, 0x0000000711700000, 0x0000000711800000|  0%| F|  |TAMS 0x0000000711700000, 0x0000000711700000| Untracked 
| 166|0x0000000711800000, 0x0000000711800000, 0x0000000711900000|  0%| F|  |TAMS 0x0000000711800000, 0x0000000711800000| Untracked 
| 167|0x0000000711900000, 0x0000000711900000, 0x0000000711a00000|  0%| F|  |TAMS 0x0000000711900000, 0x0000000711900000| Untracked 
| 168|0x0000000711a00000, 0x0000000711a00000, 0x0000000711b00000|  0%| F|  |TAMS 0x0000000711a00000, 0x0000000711a00000| Untracked 
| 169|0x0000000711b00000, 0x0000000711b00000, 0x0000000711c00000|  0%| F|  |TAMS 0x0000000711b00000, 0x0000000711b00000| Untracked 
| 170|0x0000000711c00000, 0x0000000711c00000, 0x0000000711d00000|  0%| F|  |TAMS 0x0000000711c00000, 0x0000000711c00000| Untracked 
| 171|0x0000000711d00000, 0x0000000711d00000, 0x0000000711e00000|  0%| F|  |TAMS 0x0000000711d00000, 0x0000000711d00000| Untracked 
| 172|0x0000000711e00000, 0x0000000711e00000, 0x0000000711f00000|  0%| F|  |TAMS 0x0000000711e00000, 0x0000000711e00000| Untracked 
| 173|0x0000000711f00000, 0x0000000711f00000, 0x0000000712000000|  0%| F|  |TAMS 0x0000000711f00000, 0x0000000711f00000| Untracked 
| 174|0x0000000712000000, 0x0000000712000000, 0x0000000712100000|  0%| F|  |TAMS 0x0000000712000000, 0x0000000712000000| Untracked 
| 175|0x0000000712100000, 0x0000000712100000, 0x0000000712200000|  0%| F|  |TAMS 0x0000000712100000, 0x0000000712100000| Untracked 
| 176|0x0000000712200000, 0x0000000712200000, 0x0000000712300000|  0%| F|  |TAMS 0x0000000712200000, 0x0000000712200000| Untracked 
| 177|0x0000000712300000, 0x0000000712300000, 0x0000000712400000|  0%| F|  |TAMS 0x0000000712300000, 0x0000000712300000| Untracked 
| 178|0x0000000712400000, 0x0000000712400000, 0x0000000712500000|  0%| F|  |TAMS 0x0000000712400000, 0x0000000712400000| Untracked 
| 179|0x0000000712500000, 0x0000000712500000, 0x0000000712600000|  0%| F|  |TAMS 0x0000000712500000, 0x0000000712500000| Untracked 
| 180|0x0000000712600000, 0x0000000712600000, 0x0000000712700000|  0%| F|  |TAMS 0x0000000712600000, 0x0000000712600000| Untracked 
| 181|0x0000000712700000, 0x0000000712700000, 0x0000000712800000|  0%| F|  |TAMS 0x0000000712700000, 0x0000000712700000| Untracked 
| 182|0x0000000712800000, 0x0000000712800000, 0x0000000712900000|  0%| F|  |TAMS 0x0000000712800000, 0x0000000712800000| Untracked 
| 183|0x0000000712900000, 0x0000000712900000, 0x0000000712a00000|  0%| F|  |TAMS 0x0000000712900000, 0x0000000712900000| Untracked 
| 184|0x0000000712a00000, 0x0000000712a00000, 0x0000000712b00000|  0%| F|  |TAMS 0x0000000712a00000, 0x0000000712a00000| Untracked 
| 185|0x0000000712b00000, 0x0000000712b00000, 0x0000000712c00000|  0%| F|  |TAMS 0x0000000712b00000, 0x0000000712b00000| Untracked 
| 186|0x0000000712c00000, 0x0000000712c00000, 0x0000000712d00000|  0%| F|  |TAMS 0x0000000712c00000, 0x0000000712c00000| Untracked 
| 187|0x0000000712d00000, 0x0000000712d00000, 0x0000000712e00000|  0%| F|  |TAMS 0x0000000712d00000, 0x0000000712d00000| Untracked 
| 188|0x0000000712e00000, 0x0000000712e00000, 0x0000000712f00000|  0%| F|  |TAMS 0x0000000712e00000, 0x0000000712e00000| Untracked 
| 189|0x0000000712f00000, 0x0000000712f00000, 0x0000000713000000|  0%| F|  |TAMS 0x0000000712f00000, 0x0000000712f00000| Untracked 
| 190|0x0000000713000000, 0x0000000713000000, 0x0000000713100000|  0%| F|  |TAMS 0x0000000713000000, 0x0000000713000000| Untracked 
| 191|0x0000000713100000, 0x0000000713100000, 0x0000000713200000|  0%| F|  |TAMS 0x0000000713100000, 0x0000000713100000| Untracked 
| 192|0x0000000713200000, 0x0000000713200000, 0x0000000713300000|  0%| F|  |TAMS 0x0000000713200000, 0x0000000713200000| Untracked 
| 193|0x0000000713300000, 0x0000000713300000, 0x0000000713400000|  0%| F|  |TAMS 0x0000000713300000, 0x0000000713300000| Untracked 
| 194|0x0000000713400000, 0x0000000713400000, 0x0000000713500000|  0%| F|  |TAMS 0x0000000713400000, 0x0000000713400000| Untracked 
| 195|0x0000000713500000, 0x0000000713500000, 0x0000000713600000|  0%| F|  |TAMS 0x0000000713500000, 0x0000000713500000| Untracked 
| 196|0x0000000713600000, 0x0000000713600000, 0x0000000713700000|  0%| F|  |TAMS 0x0000000713600000, 0x0000000713600000| Untracked 
| 197|0x0000000713700000, 0x0000000713700000, 0x0000000713800000|  0%| F|  |TAMS 0x0000000713700000, 0x0000000713700000| Untracked 
| 198|0x0000000713800000, 0x0000000713800000, 0x0000000713900000|  0%| F|  |TAMS 0x0000000713800000, 0x0000000713800000| Untracked 
| 199|0x0000000713900000, 0x0000000713900000, 0x0000000713a00000|  0%| F|  |TAMS 0x0000000713900000, 0x0000000713900000| Untracked 
| 200|0x0000000713a00000, 0x0000000713a00000, 0x0000000713b00000|  0%| F|  |TAMS 0x0000000713a00000, 0x0000000713a00000| Untracked 
| 201|0x0000000713b00000, 0x0000000713b00000, 0x0000000713c00000|  0%| F|  |TAMS 0x0000000713b00000, 0x0000000713b00000| Untracked 
| 202|0x0000000713c00000, 0x0000000713c00000, 0x0000000713d00000|  0%| F|  |TAMS 0x0000000713c00000, 0x0000000713c00000| Untracked 
| 203|0x0000000713d00000, 0x0000000713d00000, 0x0000000713e00000|  0%| F|  |TAMS 0x0000000713d00000, 0x0000000713d00000| Untracked 
| 204|0x0000000713e00000, 0x0000000713e00000, 0x0000000713f00000|  0%| F|  |TAMS 0x0000000713e00000, 0x0000000713e00000| Untracked 
| 205|0x0000000713f00000, 0x0000000713f00000, 0x0000000714000000|  0%| F|  |TAMS 0x0000000713f00000, 0x0000000713f00000| Untracked 
| 206|0x0000000714000000, 0x0000000714000000, 0x0000000714100000|  0%| F|  |TAMS 0x0000000714000000, 0x0000000714000000| Untracked 
| 207|0x0000000714100000, 0x0000000714100000, 0x0000000714200000|  0%| F|  |TAMS 0x0000000714100000, 0x0000000714100000| Untracked 
| 208|0x0000000714200000, 0x0000000714200000, 0x0000000714300000|  0%| F|  |TAMS 0x0000000714200000, 0x0000000714200000| Untracked 
| 209|0x0000000714300000, 0x0000000714300000, 0x0000000714400000|  0%| F|  |TAMS 0x0000000714300000, 0x0000000714300000| Untracked 
| 210|0x0000000714400000, 0x0000000714400000, 0x0000000714500000|  0%| F|  |TAMS 0x0000000714400000, 0x0000000714400000| Untracked 
| 211|0x0000000714500000, 0x0000000714500000, 0x0000000714600000|  0%| F|  |TAMS 0x0000000714500000, 0x0000000714500000| Untracked 
| 212|0x0000000714600000, 0x0000000714600000, 0x0000000714700000|  0%| F|  |TAMS 0x0000000714600000, 0x0000000714600000| Untracked 
| 213|0x0000000714700000, 0x0000000714700000, 0x0000000714800000|  0%| F|  |TAMS 0x0000000714700000, 0x0000000714700000| Untracked 
| 214|0x0000000714800000, 0x0000000714800000, 0x0000000714900000|  0%| F|  |TAMS 0x0000000714800000, 0x0000000714800000| Untracked 
| 215|0x0000000714900000, 0x0000000714900000, 0x0000000714a00000|  0%| F|  |TAMS 0x0000000714900000, 0x0000000714900000| Untracked 
| 216|0x0000000714a00000, 0x0000000714a00000, 0x0000000714b00000|  0%| F|  |TAMS 0x0000000714a00000, 0x0000000714a00000| Untracked 
| 217|0x0000000714b00000, 0x0000000714b00000, 0x0000000714c00000|  0%| F|  |TAMS 0x0000000714b00000, 0x0000000714b00000| Untracked 
| 218|0x0000000714c00000, 0x0000000714c00000, 0x0000000714d00000|  0%| F|  |TAMS 0x0000000714c00000, 0x0000000714c00000| Untracked 
| 219|0x0000000714d00000, 0x0000000714d00000, 0x0000000714e00000|  0%| F|  |TAMS 0x0000000714d00000, 0x0000000714d00000| Untracked 
| 220|0x0000000714e00000, 0x0000000714e00000, 0x0000000714f00000|  0%| F|  |TAMS 0x0000000714e00000, 0x0000000714e00000| Untracked 
| 221|0x0000000714f00000, 0x0000000714f00000, 0x0000000715000000|  0%| F|  |TAMS 0x0000000714f00000, 0x0000000714f00000| Untracked 
| 222|0x0000000715000000, 0x0000000715000000, 0x0000000715100000|  0%| F|  |TAMS 0x0000000715000000, 0x0000000715000000| Untracked 
| 223|0x0000000715100000, 0x0000000715100000, 0x0000000715200000|  0%| F|  |TAMS 0x0000000715100000, 0x0000000715100000| Untracked 
| 224|0x0000000715200000, 0x0000000715200000, 0x0000000715300000|  0%| F|  |TAMS 0x0000000715200000, 0x0000000715200000| Untracked 
| 225|0x0000000715300000, 0x0000000715300000, 0x0000000715400000|  0%| F|  |TAMS 0x0000000715300000, 0x0000000715300000| Untracked 
| 226|0x0000000715400000, 0x0000000715400000, 0x0000000715500000|  0%| F|  |TAMS 0x0000000715400000, 0x0000000715400000| Untracked 
| 227|0x0000000715500000, 0x0000000715500000, 0x0000000715600000|  0%| F|  |TAMS 0x0000000715500000, 0x0000000715500000| Untracked 
| 228|0x0000000715600000, 0x0000000715600000, 0x0000000715700000|  0%| F|  |TAMS 0x0000000715600000, 0x0000000715600000| Untracked 
| 229|0x0000000715700000, 0x0000000715700000, 0x0000000715800000|  0%| F|  |TAMS 0x0000000715700000, 0x0000000715700000| Untracked 
| 230|0x0000000715800000, 0x0000000715800000, 0x0000000715900000|  0%| F|  |TAMS 0x0000000715800000, 0x0000000715800000| Untracked 
| 231|0x0000000715900000, 0x0000000715900000, 0x0000000715a00000|  0%| F|  |TAMS 0x0000000715900000, 0x0000000715900000| Untracked 
| 232|0x0000000715a00000, 0x0000000715a00000, 0x0000000715b00000|  0%| F|  |TAMS 0x0000000715a00000, 0x0000000715a00000| Untracked 
| 233|0x0000000715b00000, 0x0000000715b00000, 0x0000000715c00000|  0%| F|  |TAMS 0x0000000715b00000, 0x0000000715b00000| Untracked 
| 234|0x0000000715c00000, 0x0000000715c00000, 0x0000000715d00000|  0%| F|  |TAMS 0x0000000715c00000, 0x0000000715c00000| Untracked 
| 235|0x0000000715d00000, 0x0000000715d00000, 0x0000000715e00000|  0%| F|  |TAMS 0x0000000715d00000, 0x0000000715d00000| Untracked 
| 236|0x0000000715e00000, 0x0000000715e00000, 0x0000000715f00000|  0%| F|  |TAMS 0x0000000715e00000, 0x0000000715e00000| Untracked 
| 237|0x0000000715f00000, 0x0000000715f00000, 0x0000000716000000|  0%| F|  |TAMS 0x0000000715f00000, 0x0000000715f00000| Untracked 
| 238|0x0000000716000000, 0x0000000716000000, 0x0000000716100000|  0%| F|  |TAMS 0x0000000716000000, 0x0000000716000000| Untracked 
| 239|0x0000000716100000, 0x0000000716100000, 0x0000000716200000|  0%| F|  |TAMS 0x0000000716100000, 0x0000000716100000| Untracked 
| 240|0x0000000716200000, 0x0000000716200000, 0x0000000716300000|  0%| F|  |TAMS 0x0000000716200000, 0x0000000716200000| Untracked 
| 241|0x0000000716300000, 0x0000000716300000, 0x0000000716400000|  0%| F|  |TAMS 0x0000000716300000, 0x0000000716300000| Untracked 
| 242|0x0000000716400000, 0x0000000716400000, 0x0000000716500000|  0%| F|  |TAMS 0x0000000716400000, 0x0000000716400000| Untracked 
| 243|0x0000000716500000, 0x0000000716500000, 0x0000000716600000|  0%| F|  |TAMS 0x0000000716500000, 0x0000000716500000| Untracked 
| 244|0x0000000716600000, 0x0000000716600000, 0x0000000716700000|  0%| F|  |TAMS 0x0000000716600000, 0x0000000716600000| Untracked 
| 245|0x0000000716700000, 0x00000007167482f8, 0x0000000716800000| 28%| E|  |TAMS 0x0000000716700000, 0x0000000716700000| Complete 
| 246|0x0000000716800000, 0x0000000716900000, 0x0000000716900000|100%| E|CS|TAMS 0x0000000716800000, 0x0000000716800000| Complete 
| 247|0x0000000716900000, 0x0000000716a00000, 0x0000000716a00000|100%| E|CS|TAMS 0x0000000716900000, 0x0000000716900000| Complete 
| 248|0x0000000716a00000, 0x0000000716b00000, 0x0000000716b00000|100%| E|CS|TAMS 0x0000000716a00000, 0x0000000716a00000| Complete 
| 249|0x0000000716b00000, 0x0000000716c00000, 0x0000000716c00000|100%| E|CS|TAMS 0x0000000716b00000, 0x0000000716b00000| Complete 

Card table byte_map: [0x00007f6b9ed6f000,0x00007f6b9f536000] _byte_map_base: 0x00007f6b9b536000

Marking Bits (Prev, Next): (CMBitMap*) 0x00007f6bbc07ac18, (CMBitMap*) 0x00007f6bbc07ac50
 Prev Bits: [0x00007f6b9a770000, 0x00007f6b9e5a8000)
 Next Bits: [0x00007f6b96938000, 0x00007f6b9a770000)

Polling page: 0x00007f6bc3755000

Metaspace:

Usage:
  Non-class:      6.67 MB capacity,     6.61 MB ( 99%) used,    65.09 KB ( <1%) free+waste,     4.50 KB ( <1%) overhead. 
      Class:    704.00 KB capacity,   660.77 KB ( 94%) used,    41.10 KB (  6%) free+waste,     2.12 KB ( <1%) overhead. 
       Both:      7.36 MB capacity,     7.25 MB ( 99%) used,   106.20 KB (  1%) free+waste,     6.62 KB ( <1%) overhead. 

Virtual space:
  Non-class space:        8.00 MB reserved,       6.75 MB ( 84%) committed 
      Class space:        1.00 GB reserved,     768.00 KB ( <1%) committed 
             Both:        1.01 GB reserved,       7.50 MB ( <1%) committed 

Chunk freelists:
   Non-Class:  14.00 KB
       Class:  0 bytes
        Both:  14.00 KB

MaxMetaspaceSize: unlimited
CompressedClassSpaceSize: 1.00 GB
Initial GC threshold: 20.80 MB
Current GC threshold: 20.80 MB
CDS: off

CodeHeap 'non-profiled nmethods': size=120032Kb used=98Kb max_used=98Kb free=119933Kb
 bounds [0x00007f6babe21000, 0x00007f6bac091000, 0x00007f6bb3359000]
CodeHeap 'profiled nmethods': size=120032Kb used=396Kb max_used=396Kb free=119635Kb
 bounds [0x00007f6ba48e9000, 0x00007f6ba4b59000, 0x00007f6babe21000]
CodeHeap 'non-nmethods': size=5696Kb used=1109Kb max_used=1126Kb free=4586Kb
 bounds [0x00007f6ba4359000, 0x00007f6ba45c9000, 0x00007f6ba48e9000]
 total_blobs=655 nmethods=295 adapters=274
 compilation: enabled
              stopped_count=0, restarted_count=0
 full_count=0

Compilation events (20 events):
Event: 0.157 Thread 0x00007f6bbc20c800  280  s    3       java.io.DataOutputStream::write (14 bytes)
Event: 0.157 Thread 0x00007f6bbc20c800 nmethod 280 0x00007f6ba4947f90 code [0x00007f6ba4948160, 0x00007f6ba4948560]
Event: 0.158 Thread 0x00007f6bbc20c800  285       3       java.lang.String::replace (42 bytes)
Event: 0.159 Thread 0x00007f6bbc20c800 nmethod 285 0x00007f6ba4948690 code [0x00007f6ba4948860, 0x00007f6ba4948b70]
Event: 0.160 Thread 0x00007f6bbc20c800  286       3       java.lang.Number::<init> (5 bytes)
Event: 0.160 Thread 0x00007f6bbc20c800 nmethod 286 0x00007f6ba4948c90 code [0x00007f6ba4948e40, 0x00007f6ba4948f90]
Event: 0.160 Thread 0x00007f6bbc20c800  287       3       java.lang.Byte::<init> (10 bytes)
Event: 0.160 Thread 0x00007f6bbc20c800 nmethod 287 0x00007f6ba4949090 code [0x00007f6ba4949240, 0x00007f6ba49493f0]
Event: 0.161 Thread 0x00007f6bbc20c800  289       1       java.net.URL::getFile (5 bytes)
Event: 0.161 Thread 0x00007f6bbc20c800 nmethod 289 0x00007f6babe33c90 code [0x00007f6babe33e40, 0x00007f6babe33ef0]
Event: 0.162 Thread 0x00007f6bbc20c800  290       3       java.util.ArrayList$Itr::next (66 bytes)
Event: 0.162 Thread 0x00007f6bbc20c800 nmethod 290 0x00007f6ba4949510 code [0x00007f6ba4949720, 0x00007f6ba4949ae0]
Event: 0.162 Thread 0x00007f6bbc20c800  292       3       java.util.Objects::checkIndex (7 bytes)
Event: 0.162 Thread 0x00007f6bbc20c800 nmethod 292 0x00007f6ba4949d10 code [0x00007f6ba4949f20, 0x00007f6ba494a5c0]
Event: 0.162 Thread 0x00007f6bbc20c800  291       3       java.util.ArrayList$Itr::checkForComodification (23 bytes)
Event: 0.163 Thread 0x00007f6bbc20c800 nmethod 291 0x00007f6ba494a810 code [0x00007f6ba494a9e0, 0x00007f6ba494aba0]
Event: 0.163 Thread 0x00007f6bbc20c800  293       3       java.lang.String::regionMatches (150 bytes)
Event: 0.163 Thread 0x00007f6bbc20c800 nmethod 293 0x00007f6ba494ac90 code [0x00007f6ba494af00, 0x00007f6ba494b8a0]
Event: 0.163 Thread 0x00007f6bbc20c800  294       3       java.util.zip.ZipFile::ensureOpen (38 bytes)
Event: 0.164 Thread 0x00007f6bbc20c800 nmethod 294 0x00007f6ba494bc10 code [0x00007f6ba494be00, 0x00007f6ba494c150]

GC Heap History (0 events):
No events

Deoptimization events (14 events):
Event: 0.128 Thread 0x00007f6bbc015800 Uncommon trap: trap_request=0xffffff4d fr.pc=0x00007f6babe24e18 relative=0x0000000000000178
Event: 0.128 Thread 0x00007f6bbc015800 Uncommon trap: reason=unstable_if action=reinterpret pc=0x00007f6babe24e18 method=java.lang.String.hashCode()I @ 14 c2
Event: 0.128 Thread 0x00007f6bbc015800 DEOPT PACKING pc=0x00007f6babe24e18 sp=0x00007f6bc370b310
Event: 0.128 Thread 0x00007f6bbc015800 DEOPT UNPACKING pc=0x00007f6ba43a2ea5 sp=0x00007f6bc370b2c8 mode 2
Event: 0.151 Thread 0x00007f6bbc015800 DEOPT PACKING pc=0x00007f6ba491491c sp=0x00007f6bc370d460
Event: 0.151 Thread 0x00007f6bbc015800 DEOPT UNPACKING pc=0x00007f6ba43a364a sp=0x00007f6bc370c8f0 mode 0
Event: 0.151 Thread 0x00007f6bbc015800 DEOPT PACKING pc=0x00007f6ba491491c sp=0x00007f6bc370d460
Event: 0.151 Thread 0x00007f6bbc015800 DEOPT UNPACKING pc=0x00007f6ba43a364a sp=0x00007f6bc370c8f0 mode 0
Event: 0.151 Thread 0x00007f6bbc015800 DEOPT PACKING pc=0x00007f6ba491491c sp=0x00007f6bc370d460
Event: 0.151 Thread 0x00007f6bbc015800 DEOPT UNPACKING pc=0x00007f6ba43a364a sp=0x00007f6bc370c8f0 mode 0
Event: 0.151 Thread 0x00007f6bbc015800 DEOPT PACKING pc=0x00007f6ba491491c sp=0x00007f6bc370d460
Event: 0.151 Thread 0x00007f6bbc015800 DEOPT UNPACKING pc=0x00007f6ba43a364a sp=0x00007f6bc370c8f0 mode 0
Event: 0.151 Thread 0x00007f6bbc015800 DEOPT PACKING pc=0x00007f6ba491491c sp=0x00007f6bc370d460
Event: 0.151 Thread 0x00007f6bbc015800 DEOPT UNPACKING pc=0x00007f6ba43a364a sp=0x00007f6bc370c8f0 mode 0

Classes redefined (0 events):
No events

Internal exceptions (4 events):
Event: 0.131 Thread 0x00007f6bbc015800 Exception <a 'java/lang/NoSuchMethodError'{0x00000007169b29e0}: 'java.lang.Object java.lang.invoke.DirectMethodHandle$Holder.invokeStaticInit(java.lang.Object, java.lang.Object, long, java.lang.Object)'> (0x00000007169b29e0) thrown at [./src/hotspot/share/interpreter/linkResolver.cpp, line 773]
Event: 0.132 Thread 0x00007f6bbc015800 Exception <a 'java/lang/NoSuchMethodError'{0x00000007169beb38}: 'java.lang.Object java.lang.invoke.Invokers$Holder.linkToTargetMethod(java.lang.Object, long, java.lang.Object)'> (0x00000007169beb38) thrown at [./src/hotspot/share/interpreter/linkResolver.cpp, line 773]
Event: 0.135 Thread 0x00007f6bbc015800 Exception <a 'java/lang/NoSuchMethodError'{0x00000007169c91d0}: 'java.lang.Object java.lang.invoke.DirectMethodHandle$Holder.invokeStatic(java.lang.Object, java.lang.Object, java.lang.Object, int)'> (0x00000007169c91d0) thrown at [./src/hotspot/share/interpreter/linkResolver.cpp, line 773]
Event: 0.136 Thread 0x00007f6bbc015800 Exception <a 'java/lang/NoSuchMethodError'{0x00000007169cfd18}: 'java.lang.Object java.lang.invoke.Invokers$Holder.linkToTargetMethod(java.lang.Object, java.lang.Object, int, java.lang.Object)'> (0x00000007169cfd18) thrown at [./src/hotspot/share/interpreter/linkResolver.cpp, line 773]

Events (20 events):
Event: 0.161 loading class com/sun/jna/VarArgsChecker$RealVarArgsChecker
Event: 0.161 loading class com/sun/jna/VarArgsChecker$RealVarArgsChecker done
Event: 0.161 loading class com/sun/jna/VarArgsChecker$NoVarArgsChecker
Event: 0.161 loading class com/sun/jna/VarArgsChecker$NoVarArgsChecker done
Event: 0.161 loading class java/lang/reflect/TypeVariable
Event: 0.162 loading class java/lang/reflect/TypeVariable done
Event: 0.162 loading class java/lang/reflect/AnnotatedType
Event: 0.162 loading class java/lang/reflect/AnnotatedType done
Event: 0.162 loading class com/sun/jna/Library$Handler$FunctionInfo
Event: 0.162 loading class com/sun/jna/Library$Handler$FunctionInfo done
Event: 0.162 loading class com/sun/jna/Memory$SharedMemory
Event: 0.162 loading class com/sun/jna/Memory$SharedMemory done
Event: 0.163 loading class com/sun/jna/WeakMemoryHolder
Event: 0.163 loading class com/sun/jna/WeakMemoryHolder done
Event: 0.163 loading class com/sun/jna/Structure$StructureSet
Event: 0.163 loading class com/sun/jna/Structure$StructureSet done
Event: 0.163 loading class com/sun/jna/Function$PostCallRead
Event: 0.163 loading class com/sun/jna/Function$PostCallRead done
Event: 0.163 loading class com/sun/jna/Structure$ByReference
Event: 0.163 loading class com/sun/jna/Structure$ByReference done


Dynamic libraries:
707200000-716c00000 rw-p 00000000 00:00 0 
716c00000-800000000 ---p 00000000 00:00 0 
800000000-8000c0000 rw-p 00000000 00:00 0 
8000c0000-840000000 ---p 00000000 00:00 0 
5562d9200000-5562d9201000 r-xp 00000000 00:30 4789658                    /usr/lib64/jvm/java-11-openjdk-11/bin/java
5562d9401000-5562d9402000 r--p 00001000 00:30 4789658                    /usr/lib64/jvm/java-11-openjdk-11/bin/java
5562d9402000-5562d9403000 rw-p 00002000 00:30 4789658                    /usr/lib64/jvm/java-11-openjdk-11/bin/java
5562db30b000-5562db32c000 rw-p 00000000 00:00 0                          [heap]
7f6b54000000-7f6b54021000 rw-p 00000000 00:00 0 
7f6b54021000-7f6b58000000 ---p 00000000 00:00 0 
7f6b58000000-7f6b58021000 rw-p 00000000 00:00 0 
7f6b58021000-7f6b5c000000 ---p 00000000 00:00 0 
7f6b5c000000-7f6b5c021000 rw-p 00000000 00:00 0 
7f6b5c021000-7f6b60000000 ---p 00000000 00:00 0 
7f6b60000000-7f6b60021000 rw-p 00000000 00:00 0 
7f6b60021000-7f6b64000000 ---p 00000000 00:00 0 
7f6b64000000-7f6b64257000 rw-p 00000000 00:00 0 
7f6b64257000-7f6b68000000 ---p 00000000 00:00 0 
7f6b68000000-7f6b6817e000 rw-p 00000000 00:00 0 
7f6b6817e000-7f6b6c000000 ---p 00000000 00:00 0 
7f6b6c000000-7f6b6c021000 rw-p 00000000 00:00 0 
7f6b6c021000-7f6b70000000 ---p 00000000 00:00 0 
7f6b70000000-7f6b70021000 rw-p 00000000 00:00 0 
7f6b70021000-7f6b74000000 ---p 00000000 00:00 0 
7f6b74000000-7f6b74021000 rw-p 00000000 00:00 0 
7f6b74021000-7f6b78000000 ---p 00000000 00:00 0 
7f6b78000000-7f6b78021000 rw-p 00000000 00:00 0 
7f6b78021000-7f6b7c000000 ---p 00000000 00:00 0 
7f6b7c000000-7f6b7c021000 rw-p 00000000 00:00 0 
7f6b7c021000-7f6b80000000 ---p 00000000 00:00 0 
7f6b80000000-7f6b80021000 rw-p 00000000 00:00 0 
7f6b80021000-7f6b84000000 ---p 00000000 00:00 0 
7f6b85787000-7f6b8579f000 r-xp 00000000 00:38 638153                     /tmp/jna-92808933/jna7487454974358853929.tmp (deleted)
7f6b8579f000-7f6b8599f000 ---p 00018000 00:38 638153                     /tmp/jna-92808933/jna7487454974358853929.tmp (deleted)
7f6b8599f000-7f6b859a0000 rw-p 00018000 00:38 638153                     /tmp/jna-92808933/jna7487454974358853929.tmp (deleted)
7f6b859a0000-7f6b859db000 r-xp 00000000 00:30 4192203                    /usr/lib64/libnspr4.so
7f6b859db000-7f6b85bda000 ---p 0003b000 00:30 4192203                    /usr/lib64/libnspr4.so
7f6b85bda000-7f6b85bdb000 r--p 0003a000 00:30 4192203                    /usr/lib64/libnspr4.so
7f6b85bdb000-7f6b85bdd000 rw-p 0003b000 00:30 4192203                    /usr/lib64/libnspr4.so
7f6b85bdd000-7f6b85bdf000 rw-p 00000000 00:00 0 
7f6b85bdf000-7f6b85be2000 r-xp 00000000 00:30 4192205                    /usr/lib64/libplds4.so
7f6b85be2000-7f6b85de1000 ---p 00003000 00:30 4192205                    /usr/lib64/libplds4.so
7f6b85de1000-7f6b85de2000 r--p 00002000 00:30 4192205                    /usr/lib64/libplds4.so
7f6b85de2000-7f6b85de3000 rw-p 00003000 00:30 4192205                    /usr/lib64/libplds4.so
7f6b85de3000-7f6b85de7000 r-xp 00000000 00:30 4192204                    /usr/lib64/libplc4.so
7f6b85de7000-7f6b85fe6000 ---p 00004000 00:30 4192204                    /usr/lib64/libplc4.so
7f6b85fe6000-7f6b85fe7000 r--p 00003000 00:30 4192204                    /usr/lib64/libplc4.so
7f6b85fe7000-7f6b85fe8000 rw-p 00004000 00:30 4192204                    /usr/lib64/libplc4.so
7f6b85fe8000-7f6b86012000 r-xp 00000000 00:30 4914276                    /usr/lib64/libnssutil3.so
7f6b86012000-7f6b86211000 ---p 0002a000 00:30 4914276                    /usr/lib64/libnssutil3.so
7f6b86211000-7f6b86218000 r--p 00029000 00:30 4914276                    /usr/lib64/libnssutil3.so
7f6b86218000-7f6b86219000 rw-p 00030000 00:30 4914276                    /usr/lib64/libnssutil3.so
7f6b86219000-7f6b86348000 r-xp 00000000 00:30 4914275                    /usr/lib64/libnss3.so
7f6b86348000-7f6b86548000 ---p 0012f000 00:30 4914275                    /usr/lib64/libnss3.so
7f6b86548000-7f6b8654d000 r--p 0012f000 00:30 4914275                    /usr/lib64/libnss3.so
7f6b8654d000-7f6b86550000 rw-p 00134000 00:30 4914275                    /usr/lib64/libnss3.so
7f6b86550000-7f6b86551000 rw-p 00000000 00:00 0 
7f6b86551000-7f6b86552000 r-xp 00000000 00:30 4789719                    /usr/lib64/jvm/java-11-openjdk-11/lib/libsystemconf.so
7f6b86552000-7f6b86752000 ---p 00001000 00:30 4789719                    /usr/lib64/jvm/java-11-openjdk-11/lib/libsystemconf.so
7f6b86752000-7f6b86753000 r--p 00001000 00:30 4789719                    /usr/lib64/jvm/java-11-openjdk-11/lib/libsystemconf.so
7f6b86753000-7f6b86754000 rw-p 00002000 00:30 4789719                    /usr/lib64/jvm/java-11-openjdk-11/lib/libsystemconf.so
7f6b86754000-7f6b86769000 r-xp 00000000 00:30 4789713                    /usr/lib64/jvm/java-11-openjdk-11/lib/libnet.so
7f6b86769000-7f6b86968000 ---p 00015000 00:30 4789713                    /usr/lib64/jvm/java-11-openjdk-11/lib/libnet.so
7f6b86968000-7f6b86969000 r--p 00014000 00:30 4789713                    /usr/lib64/jvm/java-11-openjdk-11/lib/libnet.so
7f6b86969000-7f6b8696a000 rw-p 00015000 00:30 4789713                    /usr/lib64/jvm/java-11-openjdk-11/lib/libnet.so
7f6b8696a000-7f6b8697a000 r-xp 00000000 00:30 4789714                    /usr/lib64/jvm/java-11-openjdk-11/lib/libnio.so
7f6b8697a000-7f6b86b7a000 ---p 00010000 00:30 4789714                    /usr/lib64/jvm/java-11-openjdk-11/lib/libnio.so
7f6b86b7a000-7f6b86b7b000 r--p 00010000 00:30 4789714                    /usr/lib64/jvm/java-11-openjdk-11/lib/libnio.so
7f6b86b7b000-7f6b86b7c000 rw-p 00011000 00:30 4789714                    /usr/lib64/jvm/java-11-openjdk-11/lib/libnio.so
7f6b86b7c000-7f6b86b80000 ---p 00000000 00:00 0 
7f6b86b80000-7f6b86c7d000 rw-p 00000000 00:00 0 
7f6b86c7d000-7f6b86c7e000 ---p 00000000 00:00 0 
7f6b86c7e000-7f6b86d7f000 rw-p 00000000 00:00 0 
7f6b86d7f000-7f6b86d83000 ---p 00000000 00:00 0 
7f6b86d83000-7f6b86e80000 rw-p 00000000 00:00 0 
7f6b86e80000-7f6b86e84000 ---p 00000000 00:00 0 
7f6b86e84000-7f6b86f81000 rw-p 00000000 00:00 0 
7f6b86f81000-7f6b86f85000 ---p 00000000 00:00 0 
7f6b86f85000-7f6b87082000 rw-p 00000000 00:00 0 
7f6b87082000-7f6b87086000 ---p 00000000 00:00 0 
7f6b87086000-7f6b87183000 rw-p 00000000 00:00 0 
7f6b87183000-7f6b87187000 ---p 00000000 00:00 0 
7f6b87187000-7f6b87284000 rw-p 00000000 00:00 0 
7f6b87284000-7f6b874fc000 r--p 00000000 00:30 4192234                    /usr/lib/locale/en_US.utf8/LC_COLLATE
7f6b874fc000-7f6b87500000 ---p 00000000 00:00 0 
7f6b87500000-7f6b875fd000 rw-p 00000000 00:00 0 
7f6b875fd000-7f6b87601000 ---p 00000000 00:00 0 
7f6b87601000-7f6b876fe000 rw-p 00000000 00:00 0 
7f6b876fe000-7f6b876ff000 ---p 00000000 00:00 0 
7f6b876ff000-7f6b87ec0000 rw-p 00000000 00:00 0 
7f6b87ec0000-7f6b88000000 ---p 00000000 00:00 0 
7f6b88000000-7f6b88021000 rw-p 00000000 00:00 0 
7f6b88021000-7f6b8c000000 ---p 00000000 00:00 0 
7f6b8c000000-7f6b8c021000 rw-p 00000000 00:00 0 
7f6b8c021000-7f6b90000000 ---p 00000000 00:00 0 
7f6b90000000-7f6b90021000 rw-p 00000000 00:00 0 
7f6b90021000-7f6b94000000 ---p 00000000 00:00 0 
7f6b94035000-7f6b94039000 ---p 00000000 00:00 0 
7f6b94039000-7f6b94057000 rw-p 00000000 00:00 0 
7f6b94057000-7f6b940ab000 r--p 00000000 00:30 4192499                    /usr/lib/locale/en_US.utf8/LC_CTYPE
7f6b940ab000-7f6b9412c000 rw-p 00000000 00:00 0 
7f6b9412c000-7f6b9412d000 ---p 00000000 00:00 0 
7f6b9412d000-7f6b9422e000 rw-p 00000000 00:00 0 
7f6b9422e000-7f6b9422f000 ---p 00000000 00:00 0 
7f6b9422f000-7f6b96734000 rw-p 00000000 00:00 0 
7f6b96734000-7f6b96735000 ---p 00000000 00:00 0 
7f6b96735000-7f6b96836000 rw-p 00000000 00:00 0 
7f6b96836000-7f6b96837000 ---p 00000000 00:00 0 
7f6b96837000-7f6b96d20000 rw-p 00000000 00:00 0 
7f6b96d20000-7f6b9a770000 ---p 00000000 00:00 0 
7f6b9a770000-7f6b9ab58000 rw-p 00000000 00:00 0 
7f6b9ab58000-7f6b9e5a8000 ---p 00000000 00:00 0 
7f6b9e5a8000-7f6b9e625000 rw-p 00000000 00:00 0 
7f6b9e625000-7f6b9ed6f000 ---p 00000000 00:00 0 
7f6b9ed6f000-7f6b9edec000 rw-p 00000000 00:00 0 
7f6b9edec000-7f6b9f536000 ---p 00000000 00:00 0 
7f6b9f536000-7f6b9f5b3000 rw-p 00000000 00:00 0 
7f6b9f5b3000-7f6b9fcfd000 ---p 00000000 00:00 0 
7f6b9fcfd000-7f6ba0000000 rw-p 00000000 00:00 0 
7f6ba0000000-7f6ba0021000 rw-p 00000000 00:00 0 
7f6ba0021000-7f6ba4000000 ---p 00000000 00:00 0 
7f6ba4010000-7f6ba416c000 rw-p 00000000 00:00 0 
7f6ba416c000-7f6ba416d000 ---p 00000000 00:00 0 
7f6ba416d000-7f6ba4273000 rw-p 00000000 00:00 0 
7f6ba4273000-7f6ba4359000 ---p 00000000 00:00 0 
7f6ba4359000-7f6ba45c9000 rwxp 00000000 00:00 0 
7f6ba45c9000-7f6ba48e9000 ---p 00000000 00:00 0 
7f6ba48e9000-7f6ba4b59000 rwxp 00000000 00:00 0 
7f6ba4b59000-7f6babe21000 ---p 00000000 00:00 0 
7f6babe21000-7f6bac091000 rwxp 00000000 00:00 0 
7f6bac091000-7f6bb3359000 ---p 00000000 00:00 0 
7f6bb3359000-7f6bb3360000 r-xp 00000000 00:30 4789722                    /usr/lib64/jvm/java-11-openjdk-11/lib/libzip.so
7f6bb3360000-7f6bb3560000 ---p 00007000 00:30 4789722                    /usr/lib64/jvm/java-11-openjdk-11/lib/libzip.so
7f6bb3560000-7f6bb3561000 r--p 00007000 00:30 4789722                    /usr/lib64/jvm/java-11-openjdk-11/lib/libzip.so
7f6bb3561000-7f6bb3562000 rw-p 00008000 00:30 4789722                    /usr/lib64/jvm/java-11-openjdk-11/lib/libzip.so
7f6bb3562000-7f6bbc000000 r--s 00000000 00:30 4789723                    /usr/lib64/jvm/java-11-openjdk-11/lib/modules
7f6bbc000000-7f6bbc38d000 rw-p 00000000 00:00 0 
7f6bbc38d000-7f6bc0000000 ---p 00000000 00:00 0 
7f6bc001c000-7f6bc004d000 rw-p 00000000 00:00 0 
7f6bc004d000-7f6bc004e000 r--p 00000000 00:30 4192240                    /usr/lib/locale/en_US.utf8/LC_NUMERIC
7f6bc004e000-7f6bc004f000 r--p 00000000 00:30 4192243                    /usr/lib/locale/en_US.utf8/LC_TIME
7f6bc004f000-7f6bc0050000 r--p 00000000 00:30 4192238                    /usr/lib/locale/en_US.utf8/LC_MONETARY
7f6bc0050000-7f6bc0057000 r--s 00000000 00:30 4192500                    /usr/lib64/gconv/gconv-modules.cache
7f6bc0057000-7f6bc00a5000 rw-p 00000000 00:00 0 
7f6bc00a5000-7f6bc018b000 ---p 00000000 00:00 0 
7f6bc018b000-7f6bc0190000 r-xp 00000000 00:30 4789705                    /usr/lib64/jvm/java-11-openjdk-11/lib/libjimage.so
7f6bc0190000-7f6bc038f000 ---p 00005000 00:30 4789705                    /usr/lib64/jvm/java-11-openjdk-11/lib/libjimage.so
7f6bc038f000-7f6bc0390000 r--p 00004000 00:30 4789705                    /usr/lib64/jvm/java-11-openjdk-11/lib/libjimage.so
7f6bc0390000-7f6bc0391000 rw-p 00005000 00:30 4789705                    /usr/lib64/jvm/java-11-openjdk-11/lib/libjimage.so
7f6bc0391000-7f6bc03bb000 r-xp 00000000 00:30 4789702                    /usr/lib64/jvm/java-11-openjdk-11/lib/libjava.so
7f6bc03bb000-7f6bc05ba000 ---p 0002a000 00:30 4789702                    /usr/lib64/jvm/java-11-openjdk-11/lib/libjava.so
7f6bc05ba000-7f6bc05bb000 r--p 00029000 00:30 4789702                    /usr/lib64/jvm/java-11-openjdk-11/lib/libjava.so
7f6bc05bb000-7f6bc05bc000 rw-p 0002a000 00:30 4789702                    /usr/lib64/jvm/java-11-openjdk-11/lib/libjava.so
7f6bc05bc000-7f6bc05bd000 rw-p 00000000 00:00 0 
7f6bc05bd000-7f6bc05ca000 r-xp 00000000 00:30 4789721                    /usr/lib64/jvm/java-11-openjdk-11/lib/libverify.so
7f6bc05ca000-7f6bc07c9000 ---p 0000d000 00:30 4789721                    /usr/lib64/jvm/java-11-openjdk-11/lib/libverify.so
7f6bc07c9000-7f6bc07cb000 r--p 0000c000 00:30 4789721                    /usr/lib64/jvm/java-11-openjdk-11/lib/libverify.so
7f6bc07cb000-7f6bc07cc000 rw-p 0000e000 00:30 4789721                    /usr/lib64/jvm/java-11-openjdk-11/lib/libverify.so
7f6bc07cc000-7f6bc07d4000 r-xp 00000000 00:30 4190356                    /lib64/librt-2.31.so
7f6bc07d4000-7f6bc09d3000 ---p 00008000 00:30 4190356                    /lib64/librt-2.31.so
7f6bc09d3000-7f6bc09d4000 r--p 00007000 00:30 4190356                    /lib64/librt-2.31.so
7f6bc09d4000-7f6bc09d5000 rw-p 00008000 00:30 4190356                    /lib64/librt-2.31.so
7f6bc09d5000-7f6bc09ed000 r-xp 00000000 00:30 4977791                    /lib64/libgcc_s.so.1
7f6bc09ed000-7f6bc0bec000 ---p 00018000 00:30 4977791                    /lib64/libgcc_s.so.1
7f6bc0bec000-7f6bc0bed000 r--p 00017000 00:30 4977791                    /lib64/libgcc_s.so.1
7f6bc0bed000-7f6bc0bee000 rw-p 00018000 00:30 4977791                    /lib64/libgcc_s.so.1
7f6bc0bee000-7f6bc0d36000 r-xp 00000000 00:30 4190336                    /lib64/libm-2.31.so
7f6bc0d36000-7f6bc0f36000 ---p 00148000 00:30 4190336                    /lib64/libm-2.31.so
7f6bc0f36000-7f6bc0f37000 r--p 00148000 00:30 4190336                    /lib64/libm-2.31.so
7f6bc0f37000-7f6bc0f39000 rw-p 00149000 00:30 4190336                    /lib64/libm-2.31.so
7f6bc0f39000-7f6bc113c000 r-xp 00000000 00:30 5001236                    /usr/lib64/libstdc++.so.6.0.29
7f6bc113c000-7f6bc133b000 ---p 00203000 00:30 5001236                    /usr/lib64/libstdc++.so.6.0.29
7f6bc133b000-7f6bc1346000 r--p 00202000 00:30 5001236                    /usr/lib64/libstdc++.so.6.0.29
7f6bc1346000-7f6bc1349000 rw-p 0020d000 00:30 5001236                    /usr/lib64/libstdc++.so.6.0.29
7f6bc1349000-7f6bc134c000 rw-p 00000000 00:00 0 
7f6bc134c000-7f6bc2596000 r-xp 00000000 00:30 4789731                    /usr/lib64/jvm/java-11-openjdk-11/lib/server/libjvm.so
7f6bc2596000-7f6bc2795000 ---p 0124a000 00:30 4789731                    /usr/lib64/jvm/java-11-openjdk-11/lib/server/libjvm.so
7f6bc2795000-7f6bc2859000 r--p 01249000 00:30 4789731                    /usr/lib64/jvm/java-11-openjdk-11/lib/server/libjvm.so
7f6bc2859000-7f6bc2894000 rw-p 0130d000 00:30 4789731                    /usr/lib64/jvm/java-11-openjdk-11/lib/server/libjvm.so
7f6bc2894000-7f6bc28eb000 rw-p 00000000 00:00 0 
7f6bc28eb000-7f6bc2909000 r-xp 00000000 00:30 4190352                    /lib64/libpthread-2.31.so
7f6bc2909000-7f6bc2b08000 ---p 0001e000 00:30 4190352                    /lib64/libpthread-2.31.so
7f6bc2b08000-7f6bc2b09000 r--p 0001d000 00:30 4190352                    /lib64/libpthread-2.31.so
7f6bc2b09000-7f6bc2b0a000 rw-p 0001e000 00:30 4190352                    /lib64/libpthread-2.31.so
7f6bc2b0a000-7f6bc2b0e000 rw-p 00000000 00:00 0 
7f6bc2b0e000-7f6bc2b11000 r-xp 00000000 00:30 4190334                    /lib64/libdl-2.31.so
7f6bc2b11000-7f6bc2d10000 ---p 00003000 00:30 4190334                    /lib64/libdl-2.31.so
7f6bc2d10000-7f6bc2d11000 r--p 00002000 00:30 4190334                    /lib64/libdl-2.31.so
7f6bc2d11000-7f6bc2d12000 rw-p 00003000 00:30 4190334                    /lib64/libdl-2.31.so
7f6bc2d12000-7f6bc2d28000 r-xp 00000000 00:30 4899845                    /lib64/libz.so.1.2.11
7f6bc2d28000-7f6bc2f27000 ---p 00016000 00:30 4899845                    /lib64/libz.so.1.2.11
7f6bc2f27000-7f6bc2f28000 r--p 00015000 00:30 4899845                    /lib64/libz.so.1.2.11
7f6bc2f28000-7f6bc2f29000 rw-p 00016000 00:30 4899845                    /lib64/libz.so.1.2.11
7f6bc2f29000-7f6bc310f000 r-xp 00000000 00:30 4190332                    /lib64/libc-2.31.so
7f6bc310f000-7f6bc330f000 ---p 001e6000 00:30 4190332                    /lib64/libc-2.31.so
7f6bc330f000-7f6bc3312000 r--p 001e6000 00:30 4190332                    /lib64/libc-2.31.so
7f6bc3312000-7f6bc331a000 rw-p 001e9000 00:30 4190332                    /lib64/libc-2.31.so
7f6bc331a000-7f6bc331e000 rw-p 00000000 00:00 0 
7f6bc331e000-7f6bc332e000 r-xp 00000000 00:30 4789688                    /usr/lib64/jvm/java-11-openjdk-11/lib/jli/libjli.so
7f6bc332e000-7f6bc352d000 ---p 00010000 00:30 4789688                    /usr/lib64/jvm/java-11-openjdk-11/lib/jli/libjli.so
7f6bc352d000-7f6bc352e000 r--p 0000f000 00:30 4789688                    /usr/lib64/jvm/java-11-openjdk-11/lib/jli/libjli.so
7f6bc352e000-7f6bc352f000 rw-p 00010000 00:30 4789688                    /usr/lib64/jvm/java-11-openjdk-11/lib/jli/libjli.so
7f6bc352f000-7f6bc3559000 r-xp 00000000 00:30 4190324                    /lib64/ld-2.31.so
7f6bc3559000-7f6bc355a000 r--p 00000000 00:30 4192237                    /usr/lib/locale/en_US.utf8/LC_MESSAGES/SYS_LC_MESSAGES
7f6bc355a000-7f6bc355b000 r--p 00000000 00:30 4192241                    /usr/lib/locale/en_US.utf8/LC_PAPER
7f6bc355b000-7f6bc355c000 r--p 00000000 00:30 4192239                    /usr/lib/locale/en_US.utf8/LC_NAME
7f6bc355c000-7f6bc355d000 r--p 00000000 00:30 4192233                    /usr/lib/locale/en_US.utf8/LC_ADDRESS
7f6bc355d000-7f6bc3608000 rw-p 00000000 00:00 0 
7f6bc3608000-7f6bc360f000 ---p 00000000 00:00 0 
7f6bc360f000-7f6bc3613000 ---p 00000000 00:00 0 
7f6bc3613000-7f6bc3715000 rw-p 00000000 00:00 0 
7f6bc3715000-7f6bc3716000 r--p 00000000 00:30 4192242                    /usr/lib/locale/en_US.utf8/LC_TELEPHONE
7f6bc3716000-7f6bc3717000 r--p 00000000 00:30 4192236                    /usr/lib/locale/en_US.utf8/LC_MEASUREMENT
7f6bc3717000-7f6bc3718000 r--p 00000000 00:30 4192235                    /usr/lib/locale/en_US.utf8/LC_IDENTIFICATION
7f6bc3718000-7f6bc3720000 rw-s 00000000 00:38 638152                     /tmp/hsperfdata_aiden/17948
7f6bc3720000-7f6bc3755000 r--s 00000000 00:3b 23233                      /var/lib/nscd/passwd
7f6bc3755000-7f6bc3756000 ---p 00000000 00:00 0 
7f6bc3756000-7f6bc3757000 r--p 00000000 00:00 0 
7f6bc3757000-7f6bc3759000 rw-p 00000000 00:00 0 
7f6bc3759000-7f6bc375a000 r--p 0002a000 00:30 4190324                    /lib64/ld-2.31.so
7f6bc375a000-7f6bc375c000 rw-p 0002b000 00:30 4190324                    /lib64/ld-2.31.so
7ffd726b6000-7ffd726d8000 rw-p 00000000 00:00 0                          [stack]
7ffd7270a000-7ffd7270e000 r--p 00000000 00:00 0                          [vvar]
7ffd7270e000-7ffd72710000 r-xp 00000000 00:00 0                          [vdso]
ffffffffff600000-ffffffffff601000 --xp 00000000 00:00 0                  [vsyscall]


VM Arguments:
java_command: jrogueclone.App
java_class_path (initial): /home/aiden/projects/jRogueClone/app/build/install/app/lib/app.jar:/home/aiden/projects/jRogueClone/app/build/install/app/lib/guava-31.0.1-jre.jar:/home/aiden/projects/jRogueClone/app/build/install/app/lib/jna-4.5.0.jar:/home/aiden/projects/jRogueClone/app/build/install/app/lib/failureaccess-1.0.1.jar:/home/aiden/projects/jRogueClone/app/build/install/app/lib/listenablefuture-9999.0-empty-to-avoid-conflict-with-guava.jar:/home/aiden/projects/jRogueClone/app/build/install/app/lib/jsr305-3.0.2.jar:/home/aiden/projects/jRogueClone/app/build/install/app/lib/checker-qual-3.12.0.jar:/home/aiden/projects/jRogueClone/app/build/install/app/lib/error_prone_annotations-2.7.1.jar:/home/aiden/projects/jRogueClone/app/build/install/app/lib/j2objc-annotations-1.3.jar
Launcher Type: SUN_STANDARD

[Global flags]
     intx CICompilerCount                          = 3                                         {product} {ergonomic}
     uint ConcGCThreads                            = 1                                         {product} {ergonomic}
     uint G1ConcRefinementThreads                  = 4                                         {product} {ergonomic}
   size_t G1HeapRegionSize                         = 1048576                                   {product} {ergonomic}
    uintx GCDrainStackTargetSize                   = 64                                        {product} {ergonomic}
   size_t InitialHeapSize                          = 262144000                                 {product} {ergonomic}
   size_t MarkStackSize                            = 4194304                                   {product} {ergonomic}
   size_t MaxHeapSize                              = 4175429632                                {product} {ergonomic}
   size_t MaxNewSize                               = 2505048064                                {product} {ergonomic}
   size_t MinHeapDeltaBytes                        = 1048576                                   {product} {ergonomic}
    uintx NonNMethodCodeHeapSize                   = 5830732                                {pd product} {ergonomic}
    uintx NonProfiledCodeHeapSize                  = 122913754                              {pd product} {ergonomic}
    uintx ProfiledCodeHeapSize                     = 122913754                              {pd product} {ergonomic}
    uintx ReservedCodeCacheSize                    = 251658240                              {pd product} {ergonomic}
     bool SegmentedCodeCache                       = true                                      {product} {ergonomic}
     bool UseCompressedClassPointers               = true                                 {lp64_product} {ergonomic}
     bool UseCompressedOops                        = true                                 {lp64_product} {ergonomic}
     bool UseG1GC                                  = true                                      {product} {ergonomic}

Logging:
Log output configuration:
 #0: stdout all=warning uptime,level,tags
 #1: stderr all=off uptime,level,tags

Environment Variables:
JAVA_HOME=/usr/lib64/jvm/java
JRE_HOME=/usr/lib64/jvm/java
PATH=/home/aiden/vulkan-sdk/1.3.216.0/x86_64/bin:/home/aiden/nvm/versions/node/v14.18.1/bin:/home/aiden/binaries/python-3.10.6/bin:/home/aiden/.local/share/JetBrains/Toolbox/apps/CLion/ch-0/221.5921.27/bin/cmake/linux/bin:/home/aiden/godot.d/:/home/aiden/clion/bin/:/home/aiden/piskel/:/home/aiden/binaries/:/home/aiden/thunderbird/thunderbird:/home/aiden:/home/aiden/binaries/cmake-3.22.3/bin:/home/aiden/binaries/doxygen-1.9.3/bin:/home/aiden/binaries/editorconfig/bin:/home/aiden/binaries/ripgrep:/home/aiden/binaries/emacs/bin:/home/aiden/binaries/clangd_14.0.3/bin:/home/.local/bin:/home/aiden/.local/bin:/usr/local/bin:/usr/bin:/bin:/home/aiden/.local/share/JetBrains/Toolbox/scripts
LD_LIBRARY_PATH=/home/aiden/binaries/mesa/lib64:/home/aiden/vulkan-sdk/1.3.216.0/x86_64/lib
SHELL=/bin/zsh
DISPLAY=:0
HOSTTYPE=x86_64
OSTYPE=linux-gnu
MACHTYPE=x86_64
LANG=en_US.UTF-8

Signal Handlers:
SIGSEGV: [libjvm.so+0xf3e400], sa_mask[0]=11111111011111111101111111111110, sa_flags=SA_RESTART|SA_SIGINFO
SIGBUS: [libjvm.so+0xf3e400], sa_mask[0]=11111111011111111101111111111110, sa_flags=SA_RESTART|SA_SIGINFO
SIGFPE: [libjvm.so+0xf3e400], sa_mask[0]=11111111011111111101111111111110, sa_flags=SA_RESTART|SA_SIGINFO
SIGPIPE: [libjvm.so+0xc5ea20], sa_mask[0]=11111111011111111101111111111110, sa_flags=SA_RESTART|SA_SIGINFO
SIGXFSZ: [libjvm.so+0xc5ea20], sa_mask[0]=11111111011111111101111111111110, sa_flags=SA_RESTART|SA_SIGINFO
SIGILL: [libjvm.so+0xf3e400], sa_mask[0]=11111111011111111101111111111110, sa_flags=SA_RESTART|SA_SIGINFO
SIGUSR2: [libjvm.so+0xc5e8c0], sa_mask[0]=00000000000000000000000000000000, sa_flags=SA_RESTART|SA_SIGINFO
SIGHUP: [libjvm.so+0xc5eef0], sa_mask[0]=11111111011111111101111111111110, sa_flags=SA_RESTART|SA_SIGINFO
SIGINT: [libjvm.so+0xc5eef0], sa_mask[0]=11111111011111111101111111111110, sa_flags=SA_RESTART|SA_SIGINFO
SIGTERM: [libjvm.so+0xc5eef0], sa_mask[0]=11111111011111111101111111111110, sa_flags=SA_RESTART|SA_SIGINFO
SIGQUIT: [libjvm.so+0xc5eef0], sa_mask[0]=11111111011111111101111111111110, sa_flags=SA_RESTART|SA_SIGINFO


---------------  S Y S T E M  ---------------

OS:NAME="openSUSE Leap"
VERSION="15.4"
ID="opensuse-leap"
ID_LIKE="suse opensuse"
VERSION_ID="15.4"
PRETTY_NAME="openSUSE Leap 15.4"
ANSI_COLOR="0;32"
CPE_NAME="cpe:/o:opensuse:leap:15.4"
BUG_REPORT_URL="https://bugs.opensuse.org"
HOME_URL="https://www.opensuse.org/"
DOCUMENTATION_URL="https://en.opensuse.org/Portal:Leap"
LOGO="distributor-logo-Leap"
uname:Linux 5.14.21-150400.24.21-default #1 SMP PREEMPT_DYNAMIC Wed Sep 7 06:51:18 UTC 2022 (974d0aa) x86_64
OS uptime: 0 days 1:06 hours
libc:glibc 2.31 NPTL 2.31 
rlimit (soft/hard): STACK 8192k/infinity , CORE infinity/infinity , NPROC 63552/63552 , NOFILE 524288/524288 , AS infinity/infinity , CPU infinity/infinity , DATA infinity/infinity , FSIZE infinity/infinity , MEMLOCK 64k/64k
load average:1.22 1.02 1.07

/proc/meminfo:
MemTotal:       16304124 kB
MemFree:          280972 kB
MemAvailable:    7675868 kB
Buffers:            2420 kB
Cached:          7439836 kB
SwapCached:            0 kB
Active:          4578468 kB
Inactive:       10234488 kB
Active(anon):       2524 kB
Inactive(anon):  7444996 kB
Active(file):    4575944 kB
Inactive(file):  2789492 kB
Unevictable:         112 kB
Mlocked:             112 kB
SwapTotal:             0 kB
SwapFree:              0 kB
Dirty:              4244 kB
Writeback:             0 kB
AnonPages:       7193740 kB
Mapped:          1521560 kB
Shmem:             77016 kB
KReclaimable:     364820 kB
Slab:             583540 kB
SReclaimable:     364820 kB
SUnreclaim:       218720 kB
KernelStack:       23552 kB
PageTables:       115988 kB
NFS_Unstable:          0 kB
Bounce:                0 kB
WritebackTmp:          0 kB
CommitLimit:     8152060 kB
Committed_AS:   13622488 kB
VmallocTotal:   34359738367 kB
VmallocUsed:       92304 kB
VmallocChunk:          0 kB
Percpu:             1680 kB
HardwareCorrupted:     0 kB
AnonHugePages:   2037760 kB
ShmemHugePages:        0 kB
ShmemPmdMapped:        0 kB
FileHugePages:         0 kB
FilePmdMapped:         0 kB
CmaTotal:              0 kB
CmaFree:               0 kB
HugePages_Total:       0
HugePages_Free:        0
HugePages_Rsvd:        0
HugePages_Surp:        0
Hugepagesize:       2048 kB
Hugetlb:               0 kB
DirectMap4k:     1793752 kB
DirectMap2M:    14911488 kB
DirectMap1G:     1048576 kB

/sys/kernel/mm/transparent_hugepage/enabled:
[always] madvise never
/sys/kernel/mm/transparent_hugepage/defrag (defrag/compaction efforts parameter):
always defer defer+madvise [madvise] never

Process Memory:
Virtual Size: 6928128K (peak: 6928624K)
Resident Set Size: 44408K (peak: 44408K) (anon: 24020K, file: 20388K, shmem: 0K)
Swapped out: 0K
C-Heap outstanding allocations: 16725K, retained: 2538K
glibc malloc tunables: (default)

/proc/sys/kernel/threads-max (system-wide limit on the number of threads):
127104
/proc/sys/vm/max_map_count (maximum number of memory map areas a process may have):
65530
/proc/sys/kernel/pid_max (system-wide limit on number of process identifiers):
32768

container (cgroup) information:
container_type: cgroupv1
cpu_cpuset_cpus: 0-3
cpu_memory_nodes: 0
active_processor_count: 4
cpu_quota: no quota
cpu_period: 100000
cpu_shares: no shares
memory_limit_in_bytes: unlimited
memory_and_swap_limit_in_bytes: unlimited
memory_soft_limit_in_bytes: unlimited
memory_usage_in_bytes: 14987628544
memory_max_usage_in_bytes: 53022720

Steal ticks since vm start: 0
Steal ticks percentage since vm start:  0.000

CPU:total 4 (initial active 4) (4 cores per cpu, 1 threads per core) family 6 model 60 stepping 3 microcode 0x28, cmov, cx8, fxsr, mmx, sse, sse2, sse3, ssse3, sse4.1, sse4.2, popcnt, avx, avx2, aes, clmul, erms, lzcnt, tsc, tscinvbit, bmi1, bmi2, fma
CPU Model and flags from /proc/cpuinfo:
model name	: Intel(R) Core(TM) i5-4670K CPU @ 3.40GHz
flags		: fpu vme de pse tsc msr pae mce cx8 apic sep mtrr pge mca cmov pat pse36 clflush dts acpi mmx fxsr sse sse2 ss ht tm pbe syscall nx pdpe1gb rdtscp lm constant_tsc arch_perfmon pebs bts rep_good nopl xtopology nonstop_tsc cpuid aperfmperf pni pclmulqdq dtes64 monitor ds_cpl vmx est tm2 ssse3 sdbg fma cx16 xtpr pdcm pcid sse4_1 sse4_2 movbe popcnt tsc_deadline_timer aes xsave avx f16c rdrand lahf_lm abm cpuid_fault invpcid_single pti ssbd ibrs ibpb stibp tpr_shadow vnmi flexpriority ept vpid ept_ad fsgsbase tsc_adjust bmi1 avx2 smep bmi2 erms invpcid xsaveopt dtherm ida arat pln pts md_clear flush_l1d
Online cpus:
0-3
Offline cpus:

BIOS frequency limitation:
<Not Available>
Frequency switch latency (ns):
0
Available cpu frequencies:
<Not Available>
Current governor:
powersave
Core performance/turbo boost:
<Not Available>

Memory: 4k page, physical 16304124k(280972k free), swap 0k(0k free)

vm_info: OpenJDK 64-Bit Server VM (11.0.16+8-suse-150000.3.83.1-x8664) for linux-amd64 JRE (11.0.16+8-suse-150000.3.83.1-x8664), built on Jul 21 2022 12:00:00 by "abuild" with gcc 7.5.0

END.
